[I 2025-11-27 14:17:54,319] Trial 26 finished with value: 0.9474964914027433 and parameters: {'colsample_bytree': 0.7112826732580592, 'n_estimators': 847, 'learning_rate': 0.03900725889733765, 'reg_lambda': 1.265116193642034, 'reg_alpha': 1.6037402259630351, 'max_depth': 9, 'num_leaves': 181, 'gamma': 0.049377997788499016, 'threshold': 0.5526765462928848}. Best is trial 22 with value: 0.9569187169109787.
/Users/conquerormikrokosmos/Downloads/LAPTOP MAC/MYUNIVERSITY/ĐẠI HỌC QUỐC GIA TPHCM/ĐH KHOA HỌC TỰ NHIÊN/NĂM 4/HKI/Intelligent Data Analysis/Chatbot_Extension/.venv/lib/python3.10/site-packages/xgboost/training.py:199: UserWarning: [14:17:54] WARNING: /Users/runner/work/xgboost/xgboost/src/learner.cc:790:
Parameters: { "num_leaves" } are not used.

  bst.update(dtrain, iteration=i, fobj=obj)
[I 2025-11-27 14:17:56,111] Trial 27 finished with value: 0.9200316936165692 and parameters: {'colsample_bytree': 0.5103869823853946, 'n_estimators': 770, 'learning_rate': 0.058350372271566614, 'reg_lambda': 1.2676987696600552, 'reg_alpha': 1.0165705897487376, 'max_depth': 8, 'num_leaves': 193, 'gamma': 0.10849836264487864, 'threshold': 0.5707970226345824}. Best is trial 22 with value: 0.9569187169109787.
/Users/conquerormikrokosmos/Downloads/LAPTOP MAC/MYUNIVERSITY/ĐẠI HỌC QUỐC GIA TPHCM/ĐH KHOA HỌC TỰ NHIÊN/NĂM 4/HKI/Intelligent Data Analysis/Chatbot_Extension/.venv/lib/python3.10/site-packages/xgboost/training.py:199: UserWarning: [14:17:56] WARNING: /Users/runner/work/xgboost/xgboost/src/learner.cc:790:
Parameters: { "num_leaves" } are not used.

  bst.update(dtrain, iteration=i, fobj=obj)
[I 2025-11-27 14:17:58,754] Trial 28 finished with value: 0.8954487126695343 and parameters: {'colsample_bytree': 0.6758443165083976, 'n_estimators': 855, 'learning_rate': 0.04186392515720094, 'reg_lambda': 1.9275118069851676, 'reg_alpha': 1.7390799260666658, 'max_depth': 7, 'num_leaves': 120, 'gamma': 0.05222261709287715, 'threshold': 0.6974942443454648}. Best is trial 22 with value: 0.9569187169109787.
/Users/conquerormikrokosmos/Downloads/LAPTOP MAC/MYUNIVERSITY/ĐẠI HỌC QUỐC GIA TPHCM/ĐH KHOA HỌC TỰ NHIÊN/NĂM 4/HKI/Intelligent Data Analysis/Chatbot_Extension/.venv/lib/python3.10/site-packages/xgboost/training.py:199: UserWarning: [14:17:58] WARNING: /Users/runner/work/xgboost/xgboost/src/learner.cc:790:
Parameters: { "num_leaves" } are not used.

  bst.update(dtrain, iteration=i, fobj=obj)
[I 2025-11-27 14:18:02,181] Trial 29 finished with value: 0.8945362345212158 and parameters: {'colsample_bytree': 0.7121237120236211, 'n_estimators': 685, 'learning_rate': 0.02922712008078263, 'reg_lambda': 1.0757736874885468, 'reg_alpha': 1.124756880389923, 'max_depth': 10, 'num_leaves': 220, 'gamma': 0.2390954762648448, 'threshold': 0.7744143375369587}. Best is trial 22 with value: 0.9569187169109787.
/Users/conquerormikrokosmos/Downloads/LAPTOP MAC/MYUNIVERSITY/ĐẠI HỌC QUỐC GIA TPHCM/ĐH KHOA HỌC TỰ NHIÊN/NĂM 4/HKI/Intelligent Data Analysis/Chatbot_Extension/.venv/lib/python3.10/site-packages/xgboost/training.py:199: UserWarning: [14:18:02] WARNING: /Users/runner/work/xgboost/xgboost/src/learner.cc:790:
Parameters: { "num_leaves" } are not used.

  bst.update(dtrain, iteration=i, fobj=obj)
[I 2025-11-27 14:18:03,858] Trial 30 finished with value: 0.9159643476074988 and parameters: {'colsample_bytree': 0.43738103583814864, 'n_estimators': 858, 'learning_rate': 0.09765322808014623, 'reg_lambda': 1.950405856692001, 'reg_alpha': 2.1996763456058503, 'max_depth': 9, 'num_leaves': 169, 'gamma': 0.16401733478787922, 'threshold': 0.5707345747765307}. Best is trial 22 with value: 0.9569187169109787.
/Users/conquerormikrokosmos/Downloads/LAPTOP MAC/MYUNIVERSITY/ĐẠI HỌC QUỐC GIA TPHCM/ĐH KHOA HỌC TỰ NHIÊN/NĂM 4/HKI/Intelligent Data Analysis/Chatbot_Extension/.venv/lib/python3.10/site-packages/xgboost/training.py:199: UserWarning: [14:18:03] WARNING: /Users/runner/work/xgboost/xgboost/src/learner.cc:790:
Parameters: { "num_leaves" } are not used.

  bst.update(dtrain, iteration=i, fobj=obj)
[I 2025-11-27 14:18:08,312] Trial 31 finished with value: 0.9507514171655989 and parameters: {'colsample_bytree': 0.8031937140642327, 'n_estimators': 943, 'learning_rate': 0.035460152275296426, 'reg_lambda': 1.4544717026061238, 'reg_alpha': 1.6827444027255238, 'max_depth': 9, 'num_leaves': 158, 'gamma': 0.04123245351867558, 'threshold': 0.38412762908268616}. Best is trial 22 with value: 0.9569187169109787.
/Users/conquerormikrokosmos/Downloads/LAPTOP MAC/MYUNIVERSITY/ĐẠI HỌC QUỐC GIA TPHCM/ĐH KHOA HỌC TỰ NHIÊN/NĂM 4/HKI/Intelligent Data Analysis/Chatbot_Extension/.venv/lib/python3.10/site-packages/xgboost/training.py:199: UserWarning: [14:18:08] WARNING: /Users/runner/work/xgboost/xgboost/src/learner.cc:790:
Parameters: { "num_leaves" } are not used.

  bst.update(dtrain, iteration=i, fobj=obj)
[I 2025-11-27 14:18:11,339] Trial 32 finished with value: 0.930682410681338 and parameters: {'colsample_bytree': 0.7829320842933309, 'n_estimators': 949, 'learning_rate': 0.0419788276678487, 'reg_lambda': 1.4256712613177842, 'reg_alpha': 1.7978725356495668, 'max_depth': 8, 'num_leaves': 211, 'gamma': 0.05209810904068053, 'threshold': 0.37475358236051803}. Best is trial 22 with value: 0.9569187169109787.
/Users/conquerormikrokosmos/Downloads/LAPTOP MAC/MYUNIVERSITY/ĐẠI HỌC QUỐC GIA TPHCM/ĐH KHOA HỌC TỰ NHIÊN/NĂM 4/HKI/Intelligent Data Analysis/Chatbot_Extension/.venv/lib/python3.10/site-packages/xgboost/training.py:199: UserWarning: [14:18:11] WARNING: /Users/runner/work/xgboost/xgboost/src/learner.cc:790:
Parameters: { "num_leaves" } are not used.

  bst.update(dtrain, iteration=i, fobj=obj)
[I 2025-11-27 14:18:14,135] Trial 33 finished with value: 0.9499764580652765 and parameters: {'colsample_bytree': 0.8986320854364724, 'n_estimators': 808, 'learning_rate': 0.04863430174812042, 'reg_lambda': 0.6718814593899991, 'reg_alpha': 2.028774821753826, 'max_depth': 10, 'num_leaves': 171, 'gamma': 0.10635668863892365, 'threshold': 0.4638453649584745}. Best is trial 22 with value: 0.9569187169109787.
/Users/conquerormikrokosmos/Downloads/LAPTOP MAC/MYUNIVERSITY/ĐẠI HỌC QUỐC GIA TPHCM/ĐH KHOA HỌC TỰ NHIÊN/NĂM 4/HKI/Intelligent Data Analysis/Chatbot_Extension/.venv/lib/python3.10/site-packages/xgboost/training.py:199: UserWarning: [14:18:14] WARNING: /Users/runner/work/xgboost/xgboost/src/learner.cc:790:
Parameters: { "num_leaves" } are not used.

  bst.update(dtrain, iteration=i, fobj=obj)
[I 2025-11-27 14:18:16,758] Trial 34 finished with value: 0.9517278948851787 and parameters: {'colsample_bytree': 0.9039202521386527, 'n_estimators': 800, 'learning_rate': 0.04828584280761501, 'reg_lambda': 0.6780184403949547, 'reg_alpha': 2.055371525826803, 'max_depth': 10, 'num_leaves': 165, 'gamma': 0.09805331816273839, 'threshold': 0.4449849970211383}. Best is trial 22 with value: 0.9569187169109787.
/Users/conquerormikrokosmos/Downloads/LAPTOP MAC/MYUNIVERSITY/ĐẠI HỌC QUỐC GIA TPHCM/ĐH KHOA HỌC TỰ NHIÊN/NĂM 4/HKI/Intelligent Data Analysis/Chatbot_Extension/.venv/lib/python3.10/site-packages/xgboost/training.py:199: UserWarning: [14:18:16] WARNING: /Users/runner/work/xgboost/xgboost/src/learner.cc:790:
Parameters: { "num_leaves" } are not used.

  bst.update(dtrain, iteration=i, fobj=obj)
[I 2025-11-27 14:18:17,873] Trial 35 finished with value: 0.8957835706375952 and parameters: {'colsample_bytree': 0.5935569854237565, 'n_estimators': 882, 'learning_rate': 0.024672369504529966, 'reg_lambda': 1.0020576088851572, 'reg_alpha': 2.8806538470846688, 'max_depth': 2, 'num_leaves': 4, 'gamma': 0.09098333496019557, 'threshold': 0.4038344088163757}. Best is trial 22 with value: 0.9569187169109787.
/Users/conquerormikrokosmos/Downloads/LAPTOP MAC/MYUNIVERSITY/ĐẠI HỌC QUỐC GIA TPHCM/ĐH KHOA HỌC TỰ NHIÊN/NĂM 4/HKI/Intelligent Data Analysis/Chatbot_Extension/.venv/lib/python3.10/site-packages/xgboost/training.py:199: UserWarning: [14:18:17] WARNING: /Users/runner/work/xgboost/xgboost/src/learner.cc:790:
Parameters: { "num_leaves" } are not used.

  bst.update(dtrain, iteration=i, fobj=obj)
[I 2025-11-27 14:18:19,932] Trial 36 finished with value: 0.9380332179467471 and parameters: {'colsample_bytree': 0.9028063027043006, 'n_estimators': 737, 'learning_rate': 0.04829183247296008, 'reg_lambda': 2.3570330611253336, 'reg_alpha': 2.010754498525743, 'max_depth': 10, 'num_leaves': 151, 'gamma': 0.12594842862020333, 'threshold': 0.4980858092692189}. Best is trial 22 with value: 0.9569187169109787.
/Users/conquerormikrokosmos/Downloads/LAPTOP MAC/MYUNIVERSITY/ĐẠI HỌC QUỐC GIA TPHCM/ĐH KHOA HỌC TỰ NHIÊN/NĂM 4/HKI/Intelligent Data Analysis/Chatbot_Extension/.venv/lib/python3.10/site-packages/xgboost/training.py:199: UserWarning: [14:18:19] WARNING: /Users/runner/work/xgboost/xgboost/src/learner.cc:790:
Parameters: { "num_leaves" } are not used.

  bst.update(dtrain, iteration=i, fobj=obj)
[I 2025-11-27 14:18:23,377] Trial 37 finished with value: 0.9327201912186521 and parameters: {'colsample_bytree': 0.796552120505316, 'n_estimators': 805, 'learning_rate': 0.03298675276928181, 'reg_lambda': 1.7433677920629664, 'reg_alpha': 1.2285524923263105, 'max_depth': 9, 'num_leaves': 206, 'gamma': 0.04240073111088884, 'threshold': 0.2687163538244025}. Best is trial 22 with value: 0.9569187169109787.
/Users/conquerormikrokosmos/Downloads/LAPTOP MAC/MYUNIVERSITY/ĐẠI HỌC QUỐC GIA TPHCM/ĐH KHOA HỌC TỰ NHIÊN/NĂM 4/HKI/Intelligent Data Analysis/Chatbot_Extension/.venv/lib/python3.10/site-packages/xgboost/training.py:199: UserWarning: [14:18:23] WARNING: /Users/runner/work/xgboost/xgboost/src/learner.cc:790:
Parameters: { "num_leaves" } are not used.

  bst.update(dtrain, iteration=i, fobj=obj)
[I 2025-11-27 14:18:25,310] Trial 38 finished with value: 0.9291455990295947 and parameters: {'colsample_bytree': 0.31027743515105444, 'n_estimators': 951, 'learning_rate': 0.06218429801296661, 'reg_lambda': 0.7317040010117506, 'reg_alpha': 0.536306802534845, 'max_depth': 10, 'num_leaves': 242, 'gamma': 0.49170116743291764, 'threshold': 0.4515254962583963}. Best is trial 22 with value: 0.9569187169109787.
/Users/conquerormikrokosmos/Downloads/LAPTOP MAC/MYUNIVERSITY/ĐẠI HỌC QUỐC GIA TPHCM/ĐH KHOA HỌC TỰ NHIÊN/NĂM 4/HKI/Intelligent Data Analysis/Chatbot_Extension/.venv/lib/python3.10/site-packages/xgboost/training.py:199: UserWarning: [14:18:25] WARNING: /Users/runner/work/xgboost/xgboost/src/learner.cc:790:
Parameters: { "num_leaves" } are not used.

  bst.update(dtrain, iteration=i, fobj=obj)
[I 2025-11-27 14:18:26,437] Trial 39 finished with value: 0.9044165279173229 and parameters: {'colsample_bytree': 0.8558369864301649, 'n_estimators': 898, 'learning_rate': 0.07374805999046637, 'reg_lambda': 0.9693848885090119, 'reg_alpha': 3.1159540590593737, 'max_depth': 6, 'num_leaves': 32, 'gamma': 0.3174993914304544, 'threshold': 0.36557610167492716}. Best is trial 22 with value: 0.9569187169109787.
/Users/conquerormikrokosmos/Downloads/LAPTOP MAC/MYUNIVERSITY/ĐẠI HỌC QUỐC GIA TPHCM/ĐH KHOA HỌC TỰ NHIÊN/NĂM 4/HKI/Intelligent Data Analysis/Chatbot_Extension/.venv/lib/python3.10/site-packages/xgboost/training.py:199: UserWarning: [14:18:26] WARNING: /Users/runner/work/xgboost/xgboost/src/learner.cc:790:
Parameters: { "num_leaves" } are not used.

  bst.update(dtrain, iteration=i, fobj=obj)
[I 2025-11-27 14:18:28,777] Trial 40 finished with value: 0.9066436339309178 and parameters: {'colsample_bytree': 0.9222866158548935, 'n_estimators': 628, 'learning_rate': 0.04320458894655607, 'reg_lambda': 2.193900030556421, 'reg_alpha': 0.8886915020255799, 'max_depth': 8, 'num_leaves': 226, 'gamma': 0.07337984157067887, 'threshold': 0.1899006193336144}. Best is trial 22 with value: 0.9569187169109787.
/Users/conquerormikrokosmos/Downloads/LAPTOP MAC/MYUNIVERSITY/ĐẠI HỌC QUỐC GIA TPHCM/ĐH KHOA HỌC TỰ NHIÊN/NĂM 4/HKI/Intelligent Data Analysis/Chatbot_Extension/.venv/lib/python3.10/site-packages/xgboost/training.py:199: UserWarning: [14:18:28] WARNING: /Users/runner/work/xgboost/xgboost/src/learner.cc:790:
Parameters: { "num_leaves" } are not used.

  bst.update(dtrain, iteration=i, fobj=obj)
[I 2025-11-27 14:18:31,519] Trial 41 finished with value: 0.8938196574691413 and parameters: {'colsample_bytree': 0.9009120570790246, 'n_estimators': 815, 'learning_rate': 0.04802692758903312, 'reg_lambda': 0.6424255224772348, 'reg_alpha': 1.993034429059428, 'max_depth': 10, 'num_leaves': 167, 'gamma': 0.09873304063822734, 'threshold': 0.11470543236640407}. Best is trial 22 with value: 0.9569187169109787.
/Users/conquerormikrokosmos/Downloads/LAPTOP MAC/MYUNIVERSITY/ĐẠI HỌC QUỐC GIA TPHCM/ĐH KHOA HỌC TỰ NHIÊN/NĂM 4/HKI/Intelligent Data Analysis/Chatbot_Extension/.venv/lib/python3.10/site-packages/xgboost/training.py:199: UserWarning: [14:18:31] WARNING: /Users/runner/work/xgboost/xgboost/src/learner.cc:790:
Parameters: { "num_leaves" } are not used.

  bst.update(dtrain, iteration=i, fobj=obj)
[I 2025-11-27 14:18:34,104] Trial 42 finished with value: 0.9520768047820095 and parameters: {'colsample_bytree': 0.8361378319061881, 'n_estimators': 788, 'learning_rate': 0.05055155562984463, 'reg_lambda': 0.5870815623165446, 'reg_alpha': 2.1649722507589226, 'max_depth': 10, 'num_leaves': 170, 'gamma': 0.0798114438950388, 'threshold': 0.4502096491576639}. Best is trial 22 with value: 0.9569187169109787.
/Users/conquerormikrokosmos/Downloads/LAPTOP MAC/MYUNIVERSITY/ĐẠI HỌC QUỐC GIA TPHCM/ĐH KHOA HỌC TỰ NHIÊN/NĂM 4/HKI/Intelligent Data Analysis/Chatbot_Extension/.venv/lib/python3.10/site-packages/xgboost/training.py:199: UserWarning: [14:18:34] WARNING: /Users/runner/work/xgboost/xgboost/src/learner.cc:790:
Parameters: { "num_leaves" } are not used.

  bst.update(dtrain, iteration=i, fobj=obj)
[I 2025-11-27 14:18:37,084] Trial 43 finished with value: 0.9343728767317032 and parameters: {'colsample_bytree': 0.8359968891604402, 'n_estimators': 707, 'learning_rate': 0.030537015523609178, 'reg_lambda': 1.1141021082040323, 'reg_alpha': 2.2173601417537547, 'max_depth': 9, 'num_leaves': 157, 'gamma': 0.07598152500025446, 'threshold': 0.4301442398204427}. Best is trial 22 with value: 0.9569187169109787.
/Users/conquerormikrokosmos/Downloads/LAPTOP MAC/MYUNIVERSITY/ĐẠI HỌC QUỐC GIA TPHCM/ĐH KHOA HỌC TỰ NHIÊN/NĂM 4/HKI/Intelligent Data Analysis/Chatbot_Extension/.venv/lib/python3.10/site-packages/xgboost/training.py:199: UserWarning: [14:18:37] WARNING: /Users/runner/work/xgboost/xgboost/src/learner.cc:790:
Parameters: { "num_leaves" } are not used.

  bst.update(dtrain, iteration=i, fobj=obj)
[I 2025-11-27 14:18:40,866] Trial 44 finished with value: 0.9610010983467435 and parameters: {'colsample_bytree': 0.7555420026410113, 'n_estimators': 785, 'learning_rate': 0.051813214916117824, 'reg_lambda': 0.2817358088751194, 'reg_alpha': 2.5024466141968533, 'max_depth': 10, 'num_leaves': 179, 'gamma': 0.030485612758325384, 'threshold': 0.5112582347233021}. Best is trial 44 with value: 0.9610010983467435.
/Users/conquerormikrokosmos/Downloads/LAPTOP MAC/MYUNIVERSITY/ĐẠI HỌC QUỐC GIA TPHCM/ĐH KHOA HỌC TỰ NHIÊN/NĂM 4/HKI/Intelligent Data Analysis/Chatbot_Extension/.venv/lib/python3.10/site-packages/xgboost/training.py:199: UserWarning: [14:18:40] WARNING: /Users/runner/work/xgboost/xgboost/src/learner.cc:790:
Parameters: { "num_leaves" } are not used.

  bst.update(dtrain, iteration=i, fobj=obj)
[I 2025-11-27 14:18:44,394] Trial 45 finished with value: 0.961562393409189 and parameters: {'colsample_bytree': 0.7527796619608157, 'n_estimators': 785, 'learning_rate': 0.06506454595661652, 'reg_lambda': 0.3249164498962406, 'reg_alpha': 2.52176887536818, 'max_depth': 10, 'num_leaves': 256, 'gamma': 0.030639620918430623, 'threshold': 0.5265995390797443}. Best is trial 45 with value: 0.961562393409189.
/Users/conquerormikrokosmos/Downloads/LAPTOP MAC/MYUNIVERSITY/ĐẠI HỌC QUỐC GIA TPHCM/ĐH KHOA HỌC TỰ NHIÊN/NĂM 4/HKI/Intelligent Data Analysis/Chatbot_Extension/.venv/lib/python3.10/site-packages/xgboost/training.py:199: UserWarning: [14:18:44] WARNING: /Users/runner/work/xgboost/xgboost/src/learner.cc:790:
Parameters: { "num_leaves" } are not used.

  bst.update(dtrain, iteration=i, fobj=obj)
[I 2025-11-27 14:18:46,098] Trial 46 finished with value: 0.8966175468421977 and parameters: {'colsample_bytree': 0.565013600746861, 'n_estimators': 747, 'learning_rate': 0.07248200585329831, 'reg_lambda': 0.26514732071573355, 'reg_alpha': 2.517366779503207, 'max_depth': 5, 'num_leaves': 23, 'gamma': 0.02423654822092613, 'threshold': 0.6114360702589776}. Best is trial 45 with value: 0.961562393409189.
/Users/conquerormikrokosmos/Downloads/LAPTOP MAC/MYUNIVERSITY/ĐẠI HỌC QUỐC GIA TPHCM/ĐH KHOA HỌC TỰ NHIÊN/NĂM 4/HKI/Intelligent Data Analysis/Chatbot_Extension/.venv/lib/python3.10/site-packages/xgboost/training.py:199: UserWarning: [14:18:46] WARNING: /Users/runner/work/xgboost/xgboost/src/learner.cc:790:
Parameters: { "num_leaves" } are not used.

  bst.update(dtrain, iteration=i, fobj=obj)
[I 2025-11-27 14:18:48,414] Trial 47 finished with value: 0.9358217750373423 and parameters: {'colsample_bytree': 0.6707168278823226, 'n_estimators': 400, 'learning_rate': 0.07749370309013853, 'reg_lambda': 0.28464796081483534, 'reg_alpha': 2.944869568431206, 'max_depth': 10, 'num_leaves': 256, 'gamma': 0.02870697925715085, 'threshold': 0.6557966033016274}. Best is trial 45 with value: 0.961562393409189.
/Users/conquerormikrokosmos/Downloads/LAPTOP MAC/MYUNIVERSITY/ĐẠI HỌC QUỐC GIA TPHCM/ĐH KHOA HỌC TỰ NHIÊN/NĂM 4/HKI/Intelligent Data Analysis/Chatbot_Extension/.venv/lib/python3.10/site-packages/xgboost/training.py:199: UserWarning: [14:18:48] WARNING: /Users/runner/work/xgboost/xgboost/src/learner.cc:790:
Parameters: { "num_leaves" } are not used.

  bst.update(dtrain, iteration=i, fobj=obj)
[I 2025-11-27 14:18:49,799] Trial 48 finished with value: 0.8940194120922094 and parameters: {'colsample_bytree': 0.7332071154669971, 'n_estimators': 785, 'learning_rate': 0.06703003564194336, 'reg_lambda': 0.583903740455888, 'reg_alpha': 3.2484569125260228, 'max_depth': 3, 'num_leaves': 8, 'gamma': 0.07444121066889647, 'threshold': 0.5273894132756031}. Best is trial 45 with value: 0.961562393409189.
/Users/conquerormikrokosmos/Downloads/LAPTOP MAC/MYUNIVERSITY/ĐẠI HỌC QUỐC GIA TPHCM/ĐH KHOA HỌC TỰ NHIÊN/NĂM 4/HKI/Intelligent Data Analysis/Chatbot_Extension/.venv/lib/python3.10/site-packages/xgboost/training.py:199: UserWarning: [14:18:49] WARNING: /Users/runner/work/xgboost/xgboost/src/learner.cc:790:
Parameters: { "num_leaves" } are not used.

  bst.update(dtrain, iteration=i, fobj=obj)
[I 2025-11-27 14:18:51,336] Trial 49 finished with value: 0.9354459174497338 and parameters: {'colsample_bytree': 0.6292169451454659, 'n_estimators': 667, 'learning_rate': 0.08151851554572996, 'reg_lambda': 0.8136796665383941, 'reg_alpha': 2.6456633723045453, 'max_depth': 10, 'num_leaves': 201, 'gamma': 0.12370516061835078, 'threshold': 0.4919833635363581}. Best is trial 45 with value: 0.961562393409189.
