/var/folders/yf/bvb_cdgn46s4l8cp8l3wd_nc0000gn/T/ipykernel_67277/701190723.py:1: ExperimentalWarning: optuna_integration.wandb.wandb.WeightsAndBiasesCallback.track_in_wandb is experimental (supported from v3.0.0). The interface can change in the future.
  @wandb_callback.track_in_wandb()
[I 2025-11-27 14:16:38,461] A new study created in memory with name: no-name-958595af-1ad1-40f7-8d18-dafd626f59f5
/Users/conquerormikrokosmos/Downloads/LAPTOP MAC/MYUNIVERSITY/ĐẠI HỌC QUỐC GIA TPHCM/ĐH KHOA HỌC TỰ NHIÊN/NĂM 4/HKI/Intelligent Data Analysis/Chatbot_Extension/.venv/lib/python3.10/site-packages/xgboost/training.py:199: UserWarning: [14:16:38] WARNING: /Users/runner/work/xgboost/xgboost/src/learner.cc:790:
Parameters: { "num_leaves" } are not used.

  bst.update(dtrain, iteration=i, fobj=obj)
[I 2025-11-27 14:16:40,185] Trial 0 finished with value: 0.8900715242139251 and parameters: {'colsample_bytree': 0.16156724626922092, 'n_estimators': 864, 'learning_rate': 0.09772147654212704, 'reg_lambda': 2.5339417980575085, 'reg_alpha': 0.8144349705626945, 'max_depth': 6, 'num_leaves': 37, 'gamma': 0.21401914718433462, 'threshold': 0.6029826561804343}. Best is trial 0 with value: 0.8900715242139251.
/Users/conquerormikrokosmos/Downloads/LAPTOP MAC/MYUNIVERSITY/ĐẠI HỌC QUỐC GIA TPHCM/ĐH KHOA HỌC TỰ NHIÊN/NĂM 4/HKI/Intelligent Data Analysis/Chatbot_Extension/.venv/lib/python3.10/site-packages/xgboost/training.py:199: UserWarning: [14:16:40] WARNING: /Users/runner/work/xgboost/xgboost/src/learner.cc:790:
Parameters: { "num_leaves" } are not used.

  bst.update(dtrain, iteration=i, fobj=obj)
[I 2025-11-27 14:16:41,066] Trial 1 finished with value: 0.8739204580050552 and parameters: {'colsample_bytree': 0.5993097948121705, 'n_estimators': 504, 'learning_rate': 0.04160318833079454, 'reg_lambda': 2.2838870574057144, 'reg_alpha': 1.943411955906448, 'max_depth': 3, 'num_leaves': 4, 'gamma': 0.49969738562025956, 'threshold': 0.681993169490855}. Best is trial 0 with value: 0.8900715242139251.
/Users/conquerormikrokosmos/Downloads/LAPTOP MAC/MYUNIVERSITY/ĐẠI HỌC QUỐC GIA TPHCM/ĐH KHOA HỌC TỰ NHIÊN/NĂM 4/HKI/Intelligent Data Analysis/Chatbot_Extension/.venv/lib/python3.10/site-packages/xgboost/training.py:199: UserWarning: [14:16:41] WARNING: /Users/runner/work/xgboost/xgboost/src/learner.cc:790:
Parameters: { "num_leaves" } are not used.

  bst.update(dtrain, iteration=i, fobj=obj)
[I 2025-11-27 14:16:41,600] Trial 2 finished with value: 0.8306002420787657 and parameters: {'colsample_bytree': 0.14850765931665322, 'n_estimators': 409, 'learning_rate': 0.031221958878592415, 'reg_lambda': 1.565024782699581, 'reg_alpha': 0.5908789229394658, 'max_depth': 2, 'num_leaves': 4, 'gamma': 0.2837744404990084, 'threshold': 0.14187390946246028}. Best is trial 0 with value: 0.8900715242139251.
/Users/conquerormikrokosmos/Downloads/LAPTOP MAC/MYUNIVERSITY/ĐẠI HỌC QUỐC GIA TPHCM/ĐH KHOA HỌC TỰ NHIÊN/NĂM 4/HKI/Intelligent Data Analysis/Chatbot_Extension/.venv/lib/python3.10/site-packages/xgboost/training.py:199: UserWarning: [14:16:41] WARNING: /Users/runner/work/xgboost/xgboost/src/learner.cc:790:
Parameters: { "num_leaves" } are not used.

  bst.update(dtrain, iteration=i, fobj=obj)
[I 2025-11-27 14:16:42,677] Trial 3 finished with value: 0.8844425087108014 and parameters: {'colsample_bytree': 0.7513413516269445, 'n_estimators': 458, 'learning_rate': 0.047678179107340235, 'reg_lambda': 0.9191632367537865, 'reg_alpha': 3.4843072072652777, 'max_depth': 4, 'num_leaves': 12, 'gamma': 0.08037405910891826, 'threshold': 0.21608705039985887}. Best is trial 0 with value: 0.8900715242139251.
/Users/conquerormikrokosmos/Downloads/LAPTOP MAC/MYUNIVERSITY/ĐẠI HỌC QUỐC GIA TPHCM/ĐH KHOA HỌC TỰ NHIÊN/NĂM 4/HKI/Intelligent Data Analysis/Chatbot_Extension/.venv/lib/python3.10/site-packages/xgboost/training.py:199: UserWarning: [14:16:42] WARNING: /Users/runner/work/xgboost/xgboost/src/learner.cc:790:
Parameters: { "num_leaves" } are not used.

  bst.update(dtrain, iteration=i, fobj=obj)
[I 2025-11-27 14:16:43,854] Trial 4 finished with value: 0.8793893179897858 and parameters: {'colsample_bytree': 0.17616093191929671, 'n_estimators': 547, 'learning_rate': 0.0693388056100977, 'reg_lambda': 3.3820324007178653, 'reg_alpha': 1.9597550637189913, 'max_depth': 4, 'num_leaves': 8, 'gamma': 0.2829467221814775, 'threshold': 0.647594724963517}. Best is trial 0 with value: 0.8900715242139251.
/Users/conquerormikrokosmos/Downloads/LAPTOP MAC/MYUNIVERSITY/ĐẠI HỌC QUỐC GIA TPHCM/ĐH KHOA HỌC TỰ NHIÊN/NĂM 4/HKI/Intelligent Data Analysis/Chatbot_Extension/.venv/lib/python3.10/site-packages/xgboost/training.py:199: UserWarning: [14:16:43] WARNING: /Users/runner/work/xgboost/xgboost/src/learner.cc:790:
Parameters: { "num_leaves" } are not used.

  bst.update(dtrain, iteration=i, fobj=obj)
[I 2025-11-27 14:16:44,817] Trial 5 finished with value: 0.8731432435478418 and parameters: {'colsample_bytree': 0.5452383123570262, 'n_estimators': 777, 'learning_rate': 0.09148459993185268, 'reg_lambda': 1.2020097004888406, 'reg_alpha': 3.0155197070839392, 'max_depth': 4, 'num_leaves': 10, 'gamma': 0.4297376740030744, 'threshold': 0.16206496517384875}. Best is trial 0 with value: 0.8900715242139251.
/Users/conquerormikrokosmos/Downloads/LAPTOP MAC/MYUNIVERSITY/ĐẠI HỌC QUỐC GIA TPHCM/ĐH KHOA HỌC TỰ NHIÊN/NĂM 4/HKI/Intelligent Data Analysis/Chatbot_Extension/.venv/lib/python3.10/site-packages/xgboost/training.py:199: UserWarning: [14:16:44] WARNING: /Users/runner/work/xgboost/xgboost/src/learner.cc:790:
Parameters: { "num_leaves" } are not used.

  bst.update(dtrain, iteration=i, fobj=obj)
[I 2025-11-27 14:16:46,489] Trial 6 finished with value: 0.8835046351478764 and parameters: {'colsample_bytree': 0.13796538053135843, 'n_estimators': 462, 'learning_rate': 0.026652059652018244, 'reg_lambda': 0.8623849796744754, 'reg_alpha': 0.5230058716716632, 'max_depth': 8, 'num_leaves': 239, 'gamma': 0.38392512341459106, 'threshold': 0.2587926018068375}. Best is trial 0 with value: 0.8900715242139251.
/Users/conquerormikrokosmos/Downloads/LAPTOP MAC/MYUNIVERSITY/ĐẠI HỌC QUỐC GIA TPHCM/ĐH KHOA HỌC TỰ NHIÊN/NĂM 4/HKI/Intelligent Data Analysis/Chatbot_Extension/.venv/lib/python3.10/site-packages/xgboost/training.py:199: UserWarning: [14:16:46] WARNING: /Users/runner/work/xgboost/xgboost/src/learner.cc:790:
Parameters: { "num_leaves" } are not used.

  bst.update(dtrain, iteration=i, fobj=obj)
[I 2025-11-27 14:16:47,515] Trial 7 finished with value: 0.8648306027525148 and parameters: {'colsample_bytree': 0.8739121071749424, 'n_estimators': 518, 'learning_rate': 0.07106657190276891, 'reg_lambda': 3.434998165471633, 'reg_alpha': 3.3697042037625224, 'max_depth': 5, 'num_leaves': 11, 'gamma': 0.2604607211604508, 'threshold': 0.7588305498369241}. Best is trial 0 with value: 0.8900715242139251.
/Users/conquerormikrokosmos/Downloads/LAPTOP MAC/MYUNIVERSITY/ĐẠI HỌC QUỐC GIA TPHCM/ĐH KHOA HỌC TỰ NHIÊN/NĂM 4/HKI/Intelligent Data Analysis/Chatbot_Extension/.venv/lib/python3.10/site-packages/xgboost/training.py:199: UserWarning: [14:16:47] WARNING: /Users/runner/work/xgboost/xgboost/src/learner.cc:790:
Parameters: { "num_leaves" } are not used.

  bst.update(dtrain, iteration=i, fobj=obj)
[I 2025-11-27 14:16:49,019] Trial 8 finished with value: 0.8888604100542672 and parameters: {'colsample_bytree': 0.37296464653504835, 'n_estimators': 480, 'learning_rate': 0.030747150230264808, 'reg_lambda': 2.280445608365503, 'reg_alpha': 0.0599235607809141, 'max_depth': 6, 'num_leaves': 7, 'gamma': 0.13653331181949852, 'threshold': 0.6205133226974201}. Best is trial 0 with value: 0.8900715242139251.
/Users/conquerormikrokosmos/Downloads/LAPTOP MAC/MYUNIVERSITY/ĐẠI HỌC QUỐC GIA TPHCM/ĐH KHOA HỌC TỰ NHIÊN/NĂM 4/HKI/Intelligent Data Analysis/Chatbot_Extension/.venv/lib/python3.10/site-packages/xgboost/training.py:199: UserWarning: [14:16:49] WARNING: /Users/runner/work/xgboost/xgboost/src/learner.cc:790:
Parameters: { "num_leaves" } are not used.

  bst.update(dtrain, iteration=i, fobj=obj)
[I 2025-11-27 14:16:50,901] Trial 9 finished with value: 0.9008797468479486 and parameters: {'colsample_bytree': 0.8976838385557253, 'n_estimators': 827, 'learning_rate': 0.0453970687822977, 'reg_lambda': 0.7782265643346329, 'reg_alpha': 3.446842429319021, 'max_depth': 5, 'num_leaves': 12, 'gamma': 0.060502549151422114, 'threshold': 0.3227886524630312}. Best is trial 9 with value: 0.9008797468479486.
/Users/conquerormikrokosmos/Downloads/LAPTOP MAC/MYUNIVERSITY/ĐẠI HỌC QUỐC GIA TPHCM/ĐH KHOA HỌC TỰ NHIÊN/NĂM 4/HKI/Intelligent Data Analysis/Chatbot_Extension/.venv/lib/python3.10/site-packages/xgboost/training.py:199: UserWarning: [14:16:50] WARNING: /Users/runner/work/xgboost/xgboost/src/learner.cc:790:
Parameters: { "num_leaves" } are not used.

  bst.update(dtrain, iteration=i, fobj=obj)
[I 2025-11-27 14:16:56,353] Trial 10 finished with value: 0.926287496065981 and parameters: {'colsample_bytree': 0.9695923026648829, 'n_estimators': 984, 'learning_rate': 0.010034920060016786, 'reg_lambda': 0.03076036215293465, 'reg_alpha': 2.472478605661515, 'max_depth': 10, 'num_leaves': 95, 'gamma': 0.028411223545880965, 'threshold': 0.3679336926391309}. Best is trial 10 with value: 0.926287496065981.
/Users/conquerormikrokosmos/Downloads/LAPTOP MAC/MYUNIVERSITY/ĐẠI HỌC QUỐC GIA TPHCM/ĐH KHOA HỌC TỰ NHIÊN/NĂM 4/HKI/Intelligent Data Analysis/Chatbot_Extension/.venv/lib/python3.10/site-packages/xgboost/training.py:199: UserWarning: [14:16:56] WARNING: /Users/runner/work/xgboost/xgboost/src/learner.cc:790:
Parameters: { "num_leaves" } are not used.

  bst.update(dtrain, iteration=i, fobj=obj)
[I 2025-11-27 14:17:01,665] Trial 11 finished with value: 0.9319463605646747 and parameters: {'colsample_bytree': 0.9529155457074929, 'n_estimators': 983, 'learning_rate': 0.01218764517382382, 'reg_lambda': 0.0072008428991756634, 'reg_alpha': 2.663005752308345, 'max_depth': 10, 'num_leaves': 96, 'gamma': 0.018581397478494688, 'threshold': 0.4045278423154641}. Best is trial 11 with value: 0.9319463605646747.
/Users/conquerormikrokosmos/Downloads/LAPTOP MAC/MYUNIVERSITY/ĐẠI HỌC QUỐC GIA TPHCM/ĐH KHOA HỌC TỰ NHIÊN/NĂM 4/HKI/Intelligent Data Analysis/Chatbot_Extension/.venv/lib/python3.10/site-packages/xgboost/training.py:199: UserWarning: [14:17:01] WARNING: /Users/runner/work/xgboost/xgboost/src/learner.cc:790:
Parameters: { "num_leaves" } are not used.

  bst.update(dtrain, iteration=i, fobj=obj)
[I 2025-11-27 14:17:07,474] Trial 12 finished with value: 0.929309211094113 and parameters: {'colsample_bytree': 0.9687988854119999, 'n_estimators': 996, 'learning_rate': 0.010542837051088164, 'reg_lambda': 0.11145774531833035, 'reg_alpha': 2.6674847176820116, 'max_depth': 10, 'num_leaves': 97, 'gamma': 0.001429136396725133, 'threshold': 0.41959002000064066}. Best is trial 11 with value: 0.9319463605646747.
/Users/conquerormikrokosmos/Downloads/LAPTOP MAC/MYUNIVERSITY/ĐẠI HỌC QUỐC GIA TPHCM/ĐH KHOA HỌC TỰ NHIÊN/NĂM 4/HKI/Intelligent Data Analysis/Chatbot_Extension/.venv/lib/python3.10/site-packages/xgboost/training.py:199: UserWarning: [14:17:07] WARNING: /Users/runner/work/xgboost/xgboost/src/learner.cc:790:
Parameters: { "num_leaves" } are not used.

  bst.update(dtrain, iteration=i, fobj=obj)
[I 2025-11-27 14:17:12,935] Trial 13 finished with value: 0.9272956542361508 and parameters: {'colsample_bytree': 0.7325477644669649, 'n_estimators': 988, 'learning_rate': 0.011146071584026652, 'reg_lambda': 0.14848693162365553, 'reg_alpha': 2.737230249049711, 'max_depth': 10, 'num_leaves': 130, 'gamma': 0.0012925231364196046, 'threshold': 0.47019946170530785}. Best is trial 11 with value: 0.9319463605646747.
/Users/conquerormikrokosmos/Downloads/LAPTOP MAC/MYUNIVERSITY/ĐẠI HỌC QUỐC GIA TPHCM/ĐH KHOA HỌC TỰ NHIÊN/NĂM 4/HKI/Intelligent Data Analysis/Chatbot_Extension/.venv/lib/python3.10/site-packages/xgboost/training.py:199: UserWarning: [14:17:12] WARNING: /Users/runner/work/xgboost/xgboost/src/learner.cc:790:
Parameters: { "num_leaves" } are not used.

  bst.update(dtrain, iteration=i, fobj=obj)
[I 2025-11-27 14:17:16,782] Trial 14 finished with value: 0.9257801909958117 and parameters: {'colsample_bytree': 0.7619339608340212, 'n_estimators': 917, 'learning_rate': 0.020273653311589312, 'reg_lambda': 0.3864542060990577, 'reg_alpha': 1.4249418984830737, 'max_depth': 8, 'num_leaves': 83, 'gamma': 0.1289555402258638, 'threshold': 0.4152570347618076}. Best is trial 11 with value: 0.9319463605646747.
/Users/conquerormikrokosmos/Downloads/LAPTOP MAC/MYUNIVERSITY/ĐẠI HỌC QUỐC GIA TPHCM/ĐH KHOA HỌC TỰ NHIÊN/NĂM 4/HKI/Intelligent Data Analysis/Chatbot_Extension/.venv/lib/python3.10/site-packages/xgboost/training.py:199: UserWarning: [14:17:16] WARNING: /Users/runner/work/xgboost/xgboost/src/learner.cc:790:
Parameters: { "num_leaves" } are not used.

  bst.update(dtrain, iteration=i, fobj=obj)
[I 2025-11-27 14:17:18,580] Trial 15 finished with value: 0.8087534786720243 and parameters: {'colsample_bytree': 0.9712202211932237, 'n_estimators': 703, 'learning_rate': 0.06313574380505138, 'reg_lambda': 1.5993161738791404, 'reg_alpha': 3.9091411809866585, 'max_depth': 8, 'num_leaves': 189, 'gamma': 0.19943849229734842, 'threshold': 0.8859547527025853}. Best is trial 11 with value: 0.9319463605646747.
/Users/conquerormikrokosmos/Downloads/LAPTOP MAC/MYUNIVERSITY/ĐẠI HỌC QUỐC GIA TPHCM/ĐH KHOA HỌC TỰ NHIÊN/NĂM 4/HKI/Intelligent Data Analysis/Chatbot_Extension/.venv/lib/python3.10/site-packages/xgboost/training.py:199: UserWarning: [14:17:18] WARNING: /Users/runner/work/xgboost/xgboost/src/learner.cc:790:
Parameters: { "num_leaves" } are not used.

  bst.update(dtrain, iteration=i, fobj=obj)
[I 2025-11-27 14:17:21,608] Trial 16 finished with value: 0.9131848386137363 and parameters: {'colsample_bytree': 0.4300486750948994, 'n_estimators': 630, 'learning_rate': 0.018045471158106324, 'reg_lambda': 0.4435923188484999, 'reg_alpha': 2.3611953879408047, 'max_depth': 9, 'num_leaves': 78, 'gamma': 0.105965702764632, 'threshold': 0.49762077152357176}. Best is trial 11 with value: 0.9319463605646747.
/Users/conquerormikrokosmos/Downloads/LAPTOP MAC/MYUNIVERSITY/ĐẠI HỌC QUỐC GIA TPHCM/ĐH KHOA HỌC TỰ NHIÊN/NĂM 4/HKI/Intelligent Data Analysis/Chatbot_Extension/.venv/lib/python3.10/site-packages/xgboost/training.py:199: UserWarning: [14:17:21] WARNING: /Users/runner/work/xgboost/xgboost/src/learner.cc:790:
Parameters: { "num_leaves" } are not used.

  bst.update(dtrain, iteration=i, fobj=obj)
[I 2025-11-27 14:17:25,928] Trial 17 finished with value: 0.945169390708255 and parameters: {'colsample_bytree': 0.8259393142960281, 'n_estimators': 915, 'learning_rate': 0.03535656285909395, 'reg_lambda': 1.5311385647027147, 'reg_alpha': 1.5053015902851201, 'max_depth': 9, 'num_leaves': 148, 'gamma': 0.019097696427955682, 'threshold': 0.31441529560265963}. Best is trial 17 with value: 0.945169390708255.
/Users/conquerormikrokosmos/Downloads/LAPTOP MAC/MYUNIVERSITY/ĐẠI HỌC QUỐC GIA TPHCM/ĐH KHOA HỌC TỰ NHIÊN/NĂM 4/HKI/Intelligent Data Analysis/Chatbot_Extension/.venv/lib/python3.10/site-packages/xgboost/training.py:199: UserWarning: [14:17:25] WARNING: /Users/runner/work/xgboost/xgboost/src/learner.cc:790:
Parameters: { "num_leaves" } are not used.

  bst.update(dtrain, iteration=i, fobj=obj)
[I 2025-11-27 14:17:28,333] Trial 18 finished with value: 0.9173769233914502 and parameters: {'colsample_bytree': 0.6238701429777677, 'n_estimators': 918, 'learning_rate': 0.03742986105400401, 'reg_lambda': 2.705121244687444, 'reg_alpha': 1.449450284702828, 'max_depth': 9, 'num_leaves': 155, 'gamma': 0.17866360752527577, 'threshold': 0.28682146698768746}. Best is trial 17 with value: 0.945169390708255.
/Users/conquerormikrokosmos/Downloads/LAPTOP MAC/MYUNIVERSITY/ĐẠI HỌC QUỐC GIA TPHCM/ĐH KHOA HỌC TỰ NHIÊN/NĂM 4/HKI/Intelligent Data Analysis/Chatbot_Extension/.venv/lib/python3.10/site-packages/xgboost/training.py:199: UserWarning: [14:17:28] WARNING: /Users/runner/work/xgboost/xgboost/src/learner.cc:790:
Parameters: { "num_leaves" } are not used.

  bst.update(dtrain, iteration=i, fobj=obj)
[I 2025-11-27 14:17:30,193] Trial 19 finished with value: 0.9185058932853531 and parameters: {'colsample_bytree': 0.8480708247510141, 'n_estimators': 757, 'learning_rate': 0.05528353684503527, 'reg_lambda': 1.743343731260782, 'reg_alpha': 1.375650006124798, 'max_depth': 7, 'num_leaves': 59, 'gamma': 0.05744788101402037, 'threshold': 0.5447391398941177}. Best is trial 17 with value: 0.945169390708255.
/Users/conquerormikrokosmos/Downloads/LAPTOP MAC/MYUNIVERSITY/ĐẠI HỌC QUỐC GIA TPHCM/ĐH KHOA HỌC TỰ NHIÊN/NĂM 4/HKI/Intelligent Data Analysis/Chatbot_Extension/.venv/lib/python3.10/site-packages/xgboost/training.py:199: UserWarning: [14:17:30] WARNING: /Users/runner/work/xgboost/xgboost/src/learner.cc:790:
Parameters: { "num_leaves" } are not used.

  bst.update(dtrain, iteration=i, fobj=obj)
[I 2025-11-27 14:17:31,916] Trial 20 finished with value: 0.8873077189264446 and parameters: {'colsample_bytree': 0.005014471537334753, 'n_estimators': 890, 'learning_rate': 0.023762999318597655, 'reg_lambda': 2.989114978095712, 'reg_alpha': 1.7530871896849063, 'max_depth': 9, 'num_leaves': 132, 'gamma': 0.3478495511036827, 'threshold': 0.3448892472709188}. Best is trial 17 with value: 0.945169390708255.
/Users/conquerormikrokosmos/Downloads/LAPTOP MAC/MYUNIVERSITY/ĐẠI HỌC QUỐC GIA TPHCM/ĐH KHOA HỌC TỰ NHIÊN/NĂM 4/HKI/Intelligent Data Analysis/Chatbot_Extension/.venv/lib/python3.10/site-packages/xgboost/training.py:199: UserWarning: [14:17:31] WARNING: /Users/runner/work/xgboost/xgboost/src/learner.cc:790:
Parameters: { "num_leaves" } are not used.

  bst.update(dtrain, iteration=i, fobj=obj)
[I 2025-11-27 14:17:37,107] Trial 21 finished with value: 0.9448552418448151 and parameters: {'colsample_bytree': 0.9777482221020569, 'n_estimators': 998, 'learning_rate': 0.017768776519274325, 'reg_lambda': 0.4822357921415452, 'reg_alpha': 2.3661703788664, 'max_depth': 10, 'num_leaves': 119, 'gamma': 0.005254942631293396, 'threshold': 0.45509976709223277}. Best is trial 17 with value: 0.945169390708255.
/Users/conquerormikrokosmos/Downloads/LAPTOP MAC/MYUNIVERSITY/ĐẠI HỌC QUỐC GIA TPHCM/ĐH KHOA HỌC TỰ NHIÊN/NĂM 4/HKI/Intelligent Data Analysis/Chatbot_Extension/.venv/lib/python3.10/site-packages/xgboost/training.py:199: UserWarning: [14:17:37] WARNING: /Users/runner/work/xgboost/xgboost/src/learner.cc:790:
Parameters: { "num_leaves" } are not used.

  bst.update(dtrain, iteration=i, fobj=obj)
[I 2025-11-27 14:17:41,838] Trial 22 finished with value: 0.9569187169109787 and parameters: {'colsample_bytree': 0.8151838748166993, 'n_estimators': 935, 'learning_rate': 0.03468191854779987, 'reg_lambda': 1.1671821006496326, 'reg_alpha': 2.3110522674329768, 'max_depth': 10, 'num_leaves': 177, 'gamma': 0.03927321224987311, 'threshold': 0.4177742621200911}. Best is trial 22 with value: 0.9569187169109787.
/Users/conquerormikrokosmos/Downloads/LAPTOP MAC/MYUNIVERSITY/ĐẠI HỌC QUỐC GIA TPHCM/ĐH KHOA HỌC TỰ NHIÊN/NĂM 4/HKI/Intelligent Data Analysis/Chatbot_Extension/.venv/lib/python3.10/site-packages/xgboost/training.py:199: UserWarning: [14:17:41] WARNING: /Users/runner/work/xgboost/xgboost/src/learner.cc:790:
Parameters: { "num_leaves" } are not used.

  bst.update(dtrain, iteration=i, fobj=obj)
[I 2025-11-27 14:17:44,748] Trial 23 finished with value: 0.9330060642615436 and parameters: {'colsample_bytree': 0.6628086072417289, 'n_estimators': 825, 'learning_rate': 0.03544543551829136, 'reg_lambda': 1.2661115224917912, 'reg_alpha': 2.1518061941504074, 'max_depth': 9, 'num_leaves': 191, 'gamma': 0.08416827991580847, 'threshold': 0.513935279744624}. Best is trial 22 with value: 0.9569187169109787.
/Users/conquerormikrokosmos/Downloads/LAPTOP MAC/MYUNIVERSITY/ĐẠI HỌC QUỐC GIA TPHCM/ĐH KHOA HỌC TỰ NHIÊN/NĂM 4/HKI/Intelligent Data Analysis/Chatbot_Extension/.venv/lib/python3.10/site-packages/xgboost/training.py:199: UserWarning: [14:17:44] WARNING: /Users/runner/work/xgboost/xgboost/src/learner.cc:790:
Parameters: { "num_leaves" } are not used.

  bst.update(dtrain, iteration=i, fobj=obj)
[I 2025-11-27 14:17:46,359] Trial 24 finished with value: 0.8989830201682214 and parameters: {'colsample_bytree': 0.8134123292759321, 'n_estimators': 940, 'learning_rate': 0.05239113899545102, 'reg_lambda': 3.9975963734938036, 'reg_alpha': 1.044772828146024, 'max_depth': 7, 'num_leaves': 128, 'gamma': 0.15787574871155752, 'threshold': 0.2256962407819728}. Best is trial 22 with value: 0.9569187169109787.
/Users/conquerormikrokosmos/Downloads/LAPTOP MAC/MYUNIVERSITY/ĐẠI HỌC QUỐC GIA TPHCM/ĐH KHOA HỌC TỰ NHIÊN/NĂM 4/HKI/Intelligent Data Analysis/Chatbot_Extension/.venv/lib/python3.10/site-packages/xgboost/training.py:199: UserWarning: [14:17:46] WARNING: /Users/runner/work/xgboost/xgboost/src/learner.cc:790:
Parameters: { "num_leaves" } are not used.

  bst.update(dtrain, iteration=i, fobj=obj)
[I 2025-11-27 14:17:50,690] Trial 25 finished with value: 0.9559852470040482 and parameters: {'colsample_bytree': 0.8235305835827526, 'n_estimators': 853, 'learning_rate': 0.02810037005267447, 'reg_lambda': 1.2508737361404407, 'reg_alpha': 1.7197905500788075, 'max_depth': 10, 'num_leaves': 179, 'gamma': 0.048046790540623815, 'threshold': 0.45960945353234306}. Best is trial 22 with value: 0.9569187169109787.
/Users/conquerormikrokosmos/Downloads/LAPTOP MAC/MYUNIVERSITY/ĐẠI HỌC QUỐC GIA TPHCM/ĐH KHOA HỌC TỰ NHIÊN/NĂM 4/HKI/Intelligent Data Analysis/Chatbot_Extension/.venv/lib/python3.10/site-packages/xgboost/training.py:199: UserWarning: [14:17:50] WARNING: /Users/runner/work/xgboost/xgboost/src/learner.cc:790:
Parameters: { "num_leaves" } are not used.

  bst.update(dtrain, iteration=i, fobj=obj)
