[I 2025-11-27 20:35:22,559] Trial 40 finished with value: 0.8907008890063266 and parameters: {'iterations': 2000, 'learning_rate': 0.04, 'depth': 6, 'threshold': 0.6325431601181772}. Best is trial 5 with value: 0.8969673418577537.
0:	learn: 0.8941478	total: 9.74ms	remaining: 14.6s
200:	learn: 0.9136036	total: 1.88s	remaining: 12.2s
400:	learn: 0.9192625	total: 3.83s	remaining: 10.5s
600:	learn: 0.9213549	total: 5.79s	remaining: 8.66s
[34m[1mwandb[0m: [33mWARNING[0m Tried to log to step 40 that is less than the current step 41. Steps must be monotonically increasing, so this data will be ignored. See https://wandb.me/define-metric to log data out of order.
800:	learn: 0.9226127	total: 7.65s	remaining: 6.68s
1000:	learn: 0.9230640	total: 9.41s	remaining: 4.69s
1200:	learn: 0.9237428	total: 11.2s	remaining: 2.8s
1400:	learn: 0.9244192	total: 13s	remaining: 919ms
1499:	learn: 0.9248347	total: 13.8s	remaining: 0us
[I 2025-11-27 20:35:36,622] Trial 41 finished with value: 0.8958129869708784 and parameters: {'iterations': 1500, 'learning_rate': 0.01, 'depth': 5, 'threshold': 0.7790753855018223}. Best is trial 5 with value: 0.8969673418577537.
0:	learn: 0.8816017	total: 6.17ms	remaining: 9.25s
200:	learn: 0.9089479	total: 1.69s	remaining: 10.9s
[34m[1mwandb[0m: [33mWARNING[0m Tried to log to step 41 that is less than the current step 42. Steps must be monotonically increasing, so this data will be ignored. See https://wandb.me/define-metric to log data out of order.
400:	learn: 0.9174905	total: 3.19s	remaining: 8.73s
600:	learn: 0.9201702	total: 4.78s	remaining: 7.16s
800:	learn: 0.9214719	total: 6.37s	remaining: 5.56s
1000:	learn: 0.9223656	total: 7.99s	remaining: 3.98s
1200:	learn: 0.9225533	total: 9.67s	remaining: 2.41s
1400:	learn: 0.9231347	total: 11.3s	remaining: 801ms
1499:	learn: 0.9234280	total: 12.2s	remaining: 0us
[I 2025-11-27 20:35:48,976] Trial 42 finished with value: 0.8955775107380872 and parameters: {'iterations': 1500, 'learning_rate': 0.01, 'depth': 4, 'threshold': 0.8051305102416174}. Best is trial 5 with value: 0.8969673418577537.
0:	learn: 0.8941478	total: 10.6ms	remaining: 10.6s
200:	learn: 0.9194045	total: 1.97s	remaining: 7.81s
400:	learn: 0.9225154	total: 3.85s	remaining: 5.75s
600:	learn: 0.9237702	total: 5.64s	remaining: 3.75s
800:	learn: 0.9252040	total: 7.43s	remaining: 1.85s
999:	learn: 0.9263932	total: 9.26s	remaining: 0us
[I 2025-11-27 20:35:58,396] Trial 43 finished with value: 0.8956575249160175 and parameters: {'iterations': 1000, 'learning_rate': 0.02, 'depth': 5, 'threshold': 0.749056922977481}. Best is trial 5 with value: 0.8969673418577537.
0:	learn: 0.8962157	total: 10.1ms	remaining: 20.3s
[34m[1mwandb[0m: [33mWARNING[0m Tried to log to step 42 that is less than the current step 43. Steps must be monotonically increasing, so this data will be ignored. See https://wandb.me/define-metric to log data out of order.
[34m[1mwandb[0m: [33mWARNING[0m Tried to log to step 43 that is less than the current step 44. Steps must be monotonically increasing, so this data will be ignored. See https://wandb.me/define-metric to log data out of order.
200:	learn: 0.9159795	total: 1.99s	remaining: 17.8s
400:	learn: 0.9207166	total: 3.81s	remaining: 15.2s
600:	learn: 0.9228841	total: 5.51s	remaining: 12.8s
800:	learn: 0.9235908	total: 7.53s	remaining: 11.3s
1000:	learn: 0.9247964	total: 9.44s	remaining: 9.42s
1200:	learn: 0.9256301	total: 11.3s	remaining: 7.51s
1400:	learn: 0.9265780	total: 13.2s	remaining: 5.64s
1600:	learn: 0.9271319	total: 15.3s	remaining: 3.81s
1800:	learn: 0.9279084	total: 17.2s	remaining: 1.9s
1999:	learn: 0.9286632	total: 19.2s	remaining: 0us
[I 2025-11-27 20:36:17,886] Trial 44 finished with value: 0.894067625210714 and parameters: {'iterations': 2000, 'learning_rate': 0.01, 'depth': 6, 'threshold': 0.6911547413525816}. Best is trial 5 with value: 0.8969673418577537.
0:	learn: 0.8816017	total: 9.86ms	remaining: 14.8s
[34m[1mwandb[0m: [33mWARNING[0m Tried to log to step 44 that is less than the current step 45. Steps must be monotonically increasing, so this data will be ignored. See https://wandb.me/define-metric to log data out of order.
200:	learn: 0.9172548	total: 1.65s	remaining: 10.6s
400:	learn: 0.9213929	total: 3.32s	remaining: 9.1s
600:	learn: 0.9225124	total: 4.96s	remaining: 7.41s
800:	learn: 0.9236724	total: 6.64s	remaining: 5.79s
1000:	learn: 0.9245438	total: 8.26s	remaining: 4.12s
1200:	learn: 0.9255103	total: 9.89s	remaining: 2.46s
1400:	learn: 0.9262787	total: 11.5s	remaining: 813ms
1499:	learn: 0.9266073	total: 12.3s	remaining: 0us
[I 2025-11-27 20:36:30,403] Trial 45 finished with value: 0.8963328875087101 and parameters: {'iterations': 1500, 'learning_rate': 0.02, 'depth': 4, 'threshold': 0.7734209601085109}. Best is trial 5 with value: 0.8969673418577537.
0:	learn: 0.8816017	total: 8.03ms	remaining: 16s
200:	learn: 0.9201454	total: 1.6s	remaining: 14.3s
400:	learn: 0.9227187	total: 3.11s	remaining: 12.4s
600:	learn: 0.9240170	total: 4.71s	remaining: 11s
800:	learn: 0.9254345	total: 6.17s	remaining: 9.24s
1000:	learn: 0.9263442	total: 7.65s	remaining: 7.64s
[34m[1mwandb[0m: [33mWARNING[0m Tried to log to step 45 that is less than the current step 46. Steps must be monotonically increasing, so this data will be ignored. See https://wandb.me/define-metric to log data out of order.
1200:	learn: 0.9270149	total: 9.23s	remaining: 6.14s
1400:	learn: 0.9276365	total: 10.9s	remaining: 4.64s
1600:	learn: 0.9280899	total: 12.5s	remaining: 3.12s
1800:	learn: 0.9285896	total: 14.2s	remaining: 1.57s
1999:	learn: 0.9288639	total: 15.8s	remaining: 0us
[I 2025-11-27 20:36:46,416] Trial 46 finished with value: 0.7527912376869419 and parameters: {'iterations': 2000, 'learning_rate': 0.03, 'depth': 4, 'threshold': 0.10025956277642478}. Best is trial 5 with value: 0.8969673418577537.
0:	learn: 0.8816017	total: 8.63ms	remaining: 21.6s
200:	learn: 0.9172548	total: 1.67s	remaining: 19.1s
[34m[1mwandb[0m: [33mWARNING[0m Tried to log to step 46 that is less than the current step 47. Steps must be monotonically increasing, so this data will be ignored. See https://wandb.me/define-metric to log data out of order.
400:	learn: 0.9213929	total: 3.67s	remaining: 19.2s
600:	learn: 0.9225124	total: 5.46s	remaining: 17.3s
800:	learn: 0.9236724	total: 7.13s	remaining: 15.1s
1000:	learn: 0.9245438	total: 8.78s	remaining: 13.1s
1200:	learn: 0.9255103	total: 10.4s	remaining: 11.3s
1400:	learn: 0.9262787	total: 12s	remaining: 9.44s
1600:	learn: 0.9267323	total: 13.7s	remaining: 7.71s
1800:	learn: 0.9271532	total: 15.3s	remaining: 5.96s
2000:	learn: 0.9274140	total: 17s	remaining: 4.24s
2200:	learn: 0.9277805	total: 18.6s	remaining: 2.52s
2400:	learn: 0.9282420	total: 20.2s	remaining: 833ms
2499:	learn: 0.9284374	total: 21s	remaining: 0us
[I 2025-11-27 20:37:07,702] Trial 47 finished with value: 0.8912584355575878 and parameters: {'iterations': 2500, 'learning_rate': 0.02, 'depth': 4, 'threshold': 0.8615490875988293}. Best is trial 5 with value: 0.8969673418577537.
0:	learn: 0.8965430	total: 9.71ms	remaining: 14.6s
[34m[1mwandb[0m: [33mWARNING[0m Tried to log to step 47 that is less than the current step 48. Steps must be monotonically increasing, so this data will be ignored. See https://wandb.me/define-metric to log data out of order.
200:	learn: 0.9268734	total: 2.06s	remaining: 13.3s
400:	learn: 0.9324071	total: 4.14s	remaining: 11.3s
600:	learn: 0.9361458	total: 6.15s	remaining: 9.2s
800:	learn: 0.9403457	total: 8.24s	remaining: 7.19s
1000:	learn: 0.9442935	total: 10.3s	remaining: 5.12s
1200:	learn: 0.9483172	total: 12.4s	remaining: 3.08s
1400:	learn: 0.9512793	total: 14.5s	remaining: 1.02s
1499:	learn: 0.9529029	total: 15.5s	remaining: 0us
[I 2025-11-27 20:37:23,456] Trial 48 finished with value: 0.8929143183834092 and parameters: {'iterations': 1500, 'learning_rate': 0.05, 'depth': 7, 'threshold': 0.7214383566646064}. Best is trial 5 with value: 0.8969673418577537.
0:	learn: 0.8816017	total: 7.1ms	remaining: 17.7s
200:	learn: 0.9172548	total: 1.55s	remaining: 17.8s
400:	learn: 0.9213929	total: 3.14s	remaining: 16.5s
600:	learn: 0.9225124	total: 4.8s	remaining: 15.2s
[34m[1mwandb[0m: [33mWARNING[0m Tried to log to step 48 that is less than the current step 49. Steps must be monotonically increasing, so this data will be ignored. See https://wandb.me/define-metric to log data out of order.
800:	learn: 0.9236724	total: 6.42s	remaining: 13.6s
1000:	learn: 0.9245438	total: 8.07s	remaining: 12.1s
1200:	learn: 0.9255103	total: 9.67s	remaining: 10.5s
1400:	learn: 0.9262787	total: 11.3s	remaining: 8.83s
1600:	learn: 0.9267323	total: 13s	remaining: 7.28s
1800:	learn: 0.9271532	total: 14.7s	remaining: 5.69s
2000:	learn: 0.9274140	total: 16.3s	remaining: 4.08s
2200:	learn: 0.9277805	total: 18s	remaining: 2.44s
2400:	learn: 0.9282420	total: 19.6s	remaining: 807ms
2499:	learn: 0.9284374	total: 20.4s	remaining: 0us
[I 2025-11-27 20:37:44,128] Trial 49 finished with value: 0.8378892903767872 and parameters: {'iterations': 2500, 'learning_rate': 0.02, 'depth': 4, 'threshold': 0.29523640029487563}. Best is trial 5 with value: 0.8969673418577537.
