[I 2025-11-27 20:29:14,739] Trial 18 finished with value: 0.866389994892695 and parameters: {'iterations': 2000, 'learning_rate': 0.01, 'depth': 7, 'threshold': 0.43336085997589074}. Best is trial 5 with value: 0.8969673418577537.
0:	learn: 0.8965430	total: 19.2ms	remaining: 28.8s
200:	learn: 0.9223818	total: 2.3s	remaining: 14.9s
[34m[1mwandb[0m: [33mWARNING[0m Tried to log to step 18 that is less than the current step 19. Steps must be monotonically increasing, so this data will be ignored. See https://wandb.me/define-metric to log data out of order.
400:	learn: 0.9257032	total: 4.4s	remaining: 12.1s
600:	learn: 0.9281249	total: 6.45s	remaining: 9.65s
800:	learn: 0.9303326	total: 8.38s	remaining: 7.31s
1000:	learn: 0.9322632	total: 10.6s	remaining: 5.29s
1200:	learn: 0.9341748	total: 12.8s	remaining: 3.19s
1400:	learn: 0.9355948	total: 15s	remaining: 1.06s
1499:	learn: 0.9365232	total: 16s	remaining: 0us
[I 2025-11-27 20:29:31,002] Trial 19 finished with value: 0.8851797793655858 and parameters: {'iterations': 1500, 'learning_rate': 0.02, 'depth': 7, 'threshold': 0.5694374838345175}. Best is trial 5 with value: 0.8969673418577537.
0:	learn: 0.8980886	total: 26.7ms	remaining: 13.3s
200:	learn: 0.9291703	total: 2.83s	remaining: 4.22s
400:	learn: 0.9373562	total: 5.66s	remaining: 1.4s
499:	learn: 0.9408617	total: 7.06s	remaining: 0us
[I 2025-11-27 20:29:38,189] Trial 20 finished with value: 0.8951248707333285 and parameters: {'iterations': 500, 'learning_rate': 0.03, 'depth': 9, 'threshold': 0.7949073677254986}. Best is trial 5 with value: 0.8969673418577537.
0:	learn: 0.8962157	total: 8.5ms	remaining: 17s
[34m[1mwandb[0m: [33mWARNING[0m Tried to log to step 19 that is less than the current step 20. Steps must be monotonically increasing, so this data will be ignored. See https://wandb.me/define-metric to log data out of order.
[34m[1mwandb[0m: [33mWARNING[0m Tried to log to step 20 that is less than the current step 21. Steps must be monotonically increasing, so this data will be ignored. See https://wandb.me/define-metric to log data out of order.
200:	learn: 0.9235150	total: 2.02s	remaining: 18s
400:	learn: 0.9273108	total: 3.98s	remaining: 15.9s
600:	learn: 0.9301428	total: 6s	remaining: 14s
800:	learn: 0.9323063	total: 7.98s	remaining: 11.9s
1000:	learn: 0.9342991	total: 9.83s	remaining: 9.81s
1200:	learn: 0.9362185	total: 11.8s	remaining: 7.84s
1400:	learn: 0.9379022	total: 13.7s	remaining: 5.87s
1600:	learn: 0.9395640	total: 15.6s	remaining: 3.89s
1800:	learn: 0.9412446	total: 17.7s	remaining: 1.96s
1999:	learn: 0.9428276	total: 19.8s	remaining: 0us
[I 2025-11-27 20:29:58,226] Trial 21 finished with value: 0.8949192280875866 and parameters: {'iterations': 2000, 'learning_rate': 0.04, 'depth': 6, 'threshold': 0.7090585049744497}. Best is trial 5 with value: 0.8969673418577537.
0:	learn: 0.8962157	total: 12.2ms	remaining: 24.4s
[34m[1mwandb[0m: [33mWARNING[0m Tried to log to step 21 that is less than the current step 22. Steps must be monotonically increasing, so this data will be ignored. See https://wandb.me/define-metric to log data out of order.
200:	learn: 0.9247416	total: 2.52s	remaining: 22.5s
400:	learn: 0.9285816	total: 4.42s	remaining: 17.6s
600:	learn: 0.9315491	total: 6.36s	remaining: 14.8s
800:	learn: 0.9340712	total: 8.33s	remaining: 12.5s
1000:	learn: 0.9364308	total: 10.2s	remaining: 10.2s
1200:	learn: 0.9386491	total: 12.1s	remaining: 8.02s
1400:	learn: 0.9407614	total: 14s	remaining: 5.99s
1600:	learn: 0.9427597	total: 15.8s	remaining: 3.95s
1800:	learn: 0.9448149	total: 17.8s	remaining: 1.97s
1999:	learn: 0.9465964	total: 19.6s	remaining: 0us
[I 2025-11-27 20:30:18,119] Trial 22 finished with value: 0.8912037501274627 and parameters: {'iterations': 2000, 'learning_rate': 0.05, 'depth': 6, 'threshold': 0.83892540565219}. Best is trial 5 with value: 0.8969673418577537.
0:	learn: 0.8962157	total: 12.7ms	remaining: 31.7s
[34m[1mwandb[0m: [33mWARNING[0m Tried to log to step 22 that is less than the current step 23. Steps must be monotonically increasing, so this data will be ignored. See https://wandb.me/define-metric to log data out of order.
200:	learn: 0.9208144	total: 2.06s	remaining: 23.6s
400:	learn: 0.9237973	total: 4s	remaining: 21s
600:	learn: 0.9257523	total: 5.87s	remaining: 18.5s
800:	learn: 0.9271344	total: 7.78s	remaining: 16.5s
1000:	learn: 0.9289021	total: 9.75s	remaining: 14.6s
1200:	learn: 0.9298878	total: 11.7s	remaining: 12.6s
1400:	learn: 0.9311421	total: 13.7s	remaining: 10.8s
1600:	learn: 0.9320868	total: 15.7s	remaining: 8.81s
1800:	learn: 0.9331754	total: 17.7s	remaining: 6.88s
2000:	learn: 0.9340335	total: 19.8s	remaining: 4.93s
2200:	learn: 0.9350516	total: 21.9s	remaining: 2.98s
2400:	learn: 0.9359367	total: 23.9s	remaining: 987ms
2499:	learn: 0.9364036	total: 25s	remaining: 0us
[I 2025-11-27 20:30:43,452] Trial 23 finished with value: 0.8947274601724864 and parameters: {'iterations': 2500, 'learning_rate': 0.02, 'depth': 6, 'threshold': 0.6941924410700733}. Best is trial 5 with value: 0.8969673418577537.
0:	learn: 0.8941478	total: 10.9ms	remaining: 21.7s
200:	learn: 0.9216674	total: 1.73s	remaining: 15.5s
400:	learn: 0.9239250	total: 3.49s	remaining: 13.9s
[34m[1mwandb[0m: [33mWARNING[0m Tried to log to step 23 that is less than the current step 24. Steps must be monotonically increasing, so this data will be ignored. See https://wandb.me/define-metric to log data out of order.
600:	learn: 0.9259341	total: 5.34s	remaining: 12.4s
800:	learn: 0.9271941	total: 7s	remaining: 10.5s
1000:	learn: 0.9283833	total: 8.89s	remaining: 8.88s
1200:	learn: 0.9294178	total: 10.8s	remaining: 7.2s
1400:	learn: 0.9305582	total: 12.7s	remaining: 5.42s
1600:	learn: 0.9313889	total: 14.6s	remaining: 3.63s
1800:	learn: 0.9320868	total: 16.5s	remaining: 1.82s
1999:	learn: 0.9329148	total: 18.4s	remaining: 0us
[I 2025-11-27 20:31:02,082] Trial 24 finished with value: 0.8966403960187839 and parameters: {'iterations': 2000, 'learning_rate': 0.03, 'depth': 5, 'threshold': 0.7777884058708878}. Best is trial 5 with value: 0.8969673418577537.
0:	learn: 0.8941478	total: 9.94ms	remaining: 14.9s
200:	learn: 0.9136036	total: 1.79s	remaining: 11.6s
400:	learn: 0.9192625	total: 3.6s	remaining: 9.86s
600:	learn: 0.9213549	total: 5.36s	remaining: 8.02s
[34m[1mwandb[0m: [33mWARNING[0m Tried to log to step 24 that is less than the current step 25. Steps must be monotonically increasing, so this data will be ignored. See https://wandb.me/define-metric to log data out of order.
800:	learn: 0.9226127	total: 7.1s	remaining: 6.2s
1000:	learn: 0.9230640	total: 8.88s	remaining: 4.43s
1200:	learn: 0.9237428	total: 10.7s	remaining: 2.67s
1400:	learn: 0.9244192	total: 12.6s	remaining: 893ms
1499:	learn: 0.9248347	total: 13.6s	remaining: 0us
[I 2025-11-27 20:31:15,900] Trial 25 finished with value: 0.8959220719927132 and parameters: {'iterations': 1500, 'learning_rate': 0.01, 'depth': 5, 'threshold': 0.7845771634051019}. Best is trial 5 with value: 0.8969673418577537.
0:	learn: 0.8816017	total: 10.3ms	remaining: 25.7s
200:	learn: 0.9201454	total: 1.68s	remaining: 19.2s
[34m[1mwandb[0m: [33mWARNING[0m Tried to log to step 25 that is less than the current step 26. Steps must be monotonically increasing, so this data will be ignored. See https://wandb.me/define-metric to log data out of order.
400:	learn: 0.9227187	total: 3.33s	remaining: 17.4s
600:	learn: 0.9240170	total: 5.04s	remaining: 15.9s
800:	learn: 0.9254345	total: 6.7s	remaining: 14.2s
1000:	learn: 0.9263442	total: 8.41s	remaining: 12.6s
1200:	learn: 0.9270149	total: 10.1s	remaining: 10.9s
1400:	learn: 0.9276365	total: 11.7s	remaining: 9.18s
1600:	learn: 0.9280899	total: 13.4s	remaining: 7.51s
1800:	learn: 0.9285896	total: 15.1s	remaining: 5.87s
2000:	learn: 0.9288693	total: 16.8s	remaining: 4.19s
2200:	learn: 0.9292170	total: 18.4s	remaining: 2.5s
2400:	learn: 0.9296866	total: 20s	remaining: 824ms
2499:	learn: 0.9300504	total: 20.8s	remaining: 0us
[I 2025-11-27 20:31:36,980] Trial 26 finished with value: 0.8944259593832925 and parameters: {'iterations': 2500, 'learning_rate': 0.03, 'depth': 4, 'threshold': 0.8323332982690229}. Best is trial 5 with value: 0.8969673418577537.
0:	learn: 0.8941478	total: 6.73ms	remaining: 13.5s
200:	learn: 0.9194045	total: 1.73s	remaining: 15.5s
[34m[1mwandb[0m: [33mWARNING[0m Tried to log to step 26 that is less than the current step 27. Steps must be monotonically increasing, so this data will be ignored. See https://wandb.me/define-metric to log data out of order.
400:	learn: 0.9225154	total: 3.47s	remaining: 13.8s
600:	learn: 0.9237702	total: 5.28s	remaining: 12.3s
800:	learn: 0.9252040	total: 7.06s	remaining: 10.6s
1000:	learn: 0.9264583	total: 8.93s	remaining: 8.91s
1200:	learn: 0.9272511	total: 10.7s	remaining: 7.13s
1400:	learn: 0.9280711	total: 12.5s	remaining: 5.36s
1600:	learn: 0.9286442	total: 14.3s	remaining: 3.57s
1800:	learn: 0.9294695	total: 16.2s	remaining: 1.79s
1999:	learn: 0.9301808	total: 18s	remaining: 0us
[I 2025-11-27 20:31:55,277] Trial 27 finished with value: 0.8860006888836242 and parameters: {'iterations': 2000, 'learning_rate': 0.02, 'depth': 5, 'threshold': 0.5854759071437245}. Best is trial 5 with value: 0.8969673418577537.
0:	learn: 0.8978533	total: 13.8ms	remaining: 41.2s
200:	learn: 0.9296890	total: 2.32s	remaining: 32.4s
[34m[1mwandb[0m: [33mWARNING[0m Tried to log to step 27 that is less than the current step 28. Steps must be monotonically increasing, so this data will be ignored. See https://wandb.me/define-metric to log data out of order.
400:	learn: 0.9378182	total: 4.74s	remaining: 30.7s
600:	learn: 0.9444781	total: 7.14s	remaining: 28.5s
800:	learn: 0.9501849	total: 9.4s	remaining: 25.8s
1000:	learn: 0.9555907	total: 11.7s	remaining: 23.4s
1200:	learn: 0.9598215	total: 14s	remaining: 21s
1400:	learn: 0.9636805	total: 16.3s	remaining: 18.6s
1600:	learn: 0.9670779	total: 18.6s	remaining: 16.2s
1800:	learn: 0.9700980	total: 21s	remaining: 14s
2000:	learn: 0.9729794	total: 23.3s	remaining: 11.6s
2200:	learn: 0.9751251	total: 25.7s	remaining: 9.32s
2400:	learn: 0.9771215	total: 28.1s	remaining: 7s
2600:	learn: 0.9788489	total: 30.4s	remaining: 4.66s
2800:	learn: 0.9804324	total: 32.7s	remaining: 2.32s
2999:	learn: 0.9819913	total: 35s	remaining: 0us
[I 2025-11-27 20:32:30,750] Trial 28 finished with value: 0.888152982739074 and parameters: {'iterations': 3000, 'learning_rate': 0.05, 'depth': 8, 'threshold': 0.7564230096878267}. Best is trial 5 with value: 0.8969673418577537.
0:	learn: 0.8965430	total: 14.9ms	remaining: 14.9s
200:	learn: 0.9182609	total: 2.05s	remaining: 8.16s
400:	learn: 0.9218307	total: 4.14s	remaining: 6.18s
600:	learn: 0.9241715	total: 6.24s	remaining: 4.14s
[34m[1mwandb[0m: [33mWARNING[0m Tried to log to step 28 that is less than the current step 29. Steps must be monotonically increasing, so this data will be ignored. See https://wandb.me/define-metric to log data out of order.
800:	learn: 0.9257845	total: 8.37s	remaining: 2.08s
999:	learn: 0.9271532	total: 10.5s	remaining: 0us
[I 2025-11-27 20:32:41,408] Trial 29 finished with value: 0.8931110309463686 and parameters: {'iterations': 1000, 'learning_rate': 0.01, 'depth': 7, 'threshold': 0.6720271482045953}. Best is trial 5 with value: 0.8969673418577537.
0:	learn: 0.8941478	total: 8.93ms	remaining: 13.4s
200:	learn: 0.9216674	total: 1.86s	remaining: 12s
400:	learn: 0.9239250	total: 3.69s	remaining: 10.1s
600:	learn: 0.9259341	total: 5.57s	remaining: 8.33s
[34m[1mwandb[0m: [33mWARNING[0m Tried to log to step 29 that is less than the current step 30. Steps must be monotonically increasing, so this data will be ignored. See https://wandb.me/define-metric to log data out of order.
800:	learn: 0.9271941	total: 7.45s	remaining: 6.5s
1000:	learn: 0.9283833	total: 9.31s	remaining: 4.64s
1200:	learn: 0.9294178	total: 11.1s	remaining: 2.76s
1400:	learn: 0.9305582	total: 13s	remaining: 917ms
1499:	learn: 0.9308488	total: 13.9s	remaining: 0us
[I 2025-11-27 20:32:55,522] Trial 30 finished with value: 0.8676907302531596 and parameters: {'iterations': 1500, 'learning_rate': 0.03, 'depth': 5, 'threshold': 0.44549695074550233}. Best is trial 5 with value: 0.8969673418577537.
0:	learn: 0.8941478	total: 8.79ms	remaining: 13.2s
200:	learn: 0.9136036	total: 1.79s	remaining: 11.6s
[34m[1mwandb[0m: [33mWARNING[0m Tried to log to step 30 that is less than the current step 31. Steps must be monotonically increasing, so this data will be ignored. See https://wandb.me/define-metric to log data out of order.
400:	learn: 0.9192625	total: 3.49s	remaining: 9.56s
600:	learn: 0.9213549	total: 5.39s	remaining: 8.06s
800:	learn: 0.9226127	total: 7.19s	remaining: 6.28s
1000:	learn: 0.9230640	total: 8.98s	remaining: 4.47s
1200:	learn: 0.9237428	total: 10.8s	remaining: 2.68s
1400:	learn: 0.9244192	total: 12.7s	remaining: 896ms
1499:	learn: 0.9248347	total: 13.7s	remaining: 0us
[I 2025-11-27 20:33:09,424] Trial 31 finished with value: 0.895928209022254 and parameters: {'iterations': 1500, 'learning_rate': 0.01, 'depth': 5, 'threshold': 0.7781219276647391}. Best is trial 5 with value: 0.8969673418577537.
0:	learn: 0.8816017	total: 8.33ms	remaining: 16.7s
200:	learn: 0.9172548	total: 1.71s	remaining: 15.3s
400:	learn: 0.9213929	total: 3.32s	remaining: 13.2s
600:	learn: 0.9225124	total: 5.04s	remaining: 11.7s
800:	learn: 0.9236724	total: 6.8s	remaining: 10.2s
1000:	learn: 0.9245438	total: 8.47s	remaining: 8.46s
[34m[1mwandb[0m: [33mWARNING[0m Tried to log to step 31 that is less than the current step 32. Steps must be monotonically increasing, so this data will be ignored. See https://wandb.me/define-metric to log data out of order.
1200:	learn: 0.9255103	total: 10.1s	remaining: 6.7s
1400:	learn: 0.9262787	total: 11.7s	remaining: 5.01s
1600:	learn: 0.9267323	total: 13.3s	remaining: 3.31s
1800:	learn: 0.9271532	total: 14.8s	remaining: 1.64s
1999:	learn: 0.9274194	total: 16.4s	remaining: 0us
[I 2025-11-27 20:33:26,128] Trial 32 finished with value: 0.8902334968997161 and parameters: {'iterations': 2000, 'learning_rate': 0.02, 'depth': 4, 'threshold': 0.8655271888950684}. Best is trial 5 with value: 0.8969673418577537.
0:	learn: 0.8941478	total: 9.06ms	remaining: 13.6s
200:	learn: 0.9136036	total: 1.81s	remaining: 11.7s
[34m[1mwandb[0m: [33mWARNING[0m Tried to log to step 32 that is less than the current step 33. Steps must be monotonically increasing, so this data will be ignored. See https://wandb.me/define-metric to log data out of order.
400:	learn: 0.9192625	total: 3.53s	remaining: 9.67s
600:	learn: 0.9213549	total: 5.34s	remaining: 7.99s
800:	learn: 0.9226127	total: 7.17s	remaining: 6.26s
1000:	learn: 0.9230640	total: 8.91s	remaining: 4.44s
1200:	learn: 0.9237428	total: 10.5s	remaining: 2.63s
1400:	learn: 0.9244192	total: 12.3s	remaining: 868ms
1499:	learn: 0.9248347	total: 13.2s	remaining: 0us
[I 2025-11-27 20:33:39,565] Trial 33 finished with value: 0.8959220767026826 and parameters: {'iterations': 1500, 'learning_rate': 0.01, 'depth': 5, 'threshold': 0.7718854969182279}. Best is trial 5 with value: 0.8969673418577537.
0:	learn: 0.8962157	total: 9.77ms	remaining: 19.5s
200:	learn: 0.9288477	total: 1.92s	remaining: 17.2s
400:	learn: 0.9341858	total: 3.66s	remaining: 14.6s
600:	learn: 0.9386003	total: 5.5s	remaining: 12.8s
800:	learn: 0.9429090	total: 7.21s	remaining: 10.8s
1000:	learn: 0.9458792	total: 9.06s	remaining: 9.04s
[34m[1mwandb[0m: [33mWARNING[0m Tried to log to step 33 that is less than the current step 34. Steps must be monotonically increasing, so this data will be ignored. See https://wandb.me/define-metric to log data out of order.
1200:	learn: 0.9493414	total: 11s	remaining: 7.33s
1400:	learn: 0.9527244	total: 12.9s	remaining: 5.5s
1600:	learn: 0.9556978	total: 14.8s	remaining: 3.68s
1800:	learn: 0.9579135	total: 16.6s	remaining: 1.83s
1999:	learn: 0.9609763	total: 18.5s	remaining: 0us
[I 2025-11-27 20:33:58,326] Trial 34 finished with value: 0.8901321971512917 and parameters: {'iterations': 2000, 'learning_rate': 0.09999999999999999, 'depth': 6, 'threshold': 0.6677789036325209}. Best is trial 5 with value: 0.8969673418577537.
0:	learn: 0.8962157	total: 7.88ms	remaining: 7.87s
[34m[1mwandb[0m: [33mWARNING[0m Tried to log to step 34 that is less than the current step 35. Steps must be monotonically increasing, so this data will be ignored. See https://wandb.me/define-metric to log data out of order.
200:	learn: 0.9208144	total: 1.94s	remaining: 7.71s
400:	learn: 0.9237973	total: 3.84s	remaining: 5.73s
600:	learn: 0.9257523	total: 6s	remaining: 3.98s
800:	learn: 0.9271344	total: 8.21s	remaining: 2.04s
999:	learn: 0.9289536	total: 10.6s	remaining: 0us
[I 2025-11-27 20:34:09,100] Trial 35 finished with value: 0.8939981844203998 and parameters: {'iterations': 1000, 'learning_rate': 0.02, 'depth': 6, 'threshold': 0.8355830361018503}. Best is trial 5 with value: 0.8969673418577537.
0:	learn: 0.8941478	total: 14.8ms	remaining: 22.2s
200:	learn: 0.9136036	total: 1.88s	remaining: 12.1s
400:	learn: 0.9192625	total: 3.5s	remaining: 9.6s
600:	learn: 0.9213549	total: 5.12s	remaining: 7.66s
800:	learn: 0.9226127	total: 6.59s	remaining: 5.75s
1000:	learn: 0.9230640	total: 8.07s	remaining: 4.02s
1200:	learn: 0.9237428	total: 9.57s	remaining: 2.38s
[34m[1mwandb[0m: [33mWARNING[0m Tried to log to step 35 that is less than the current step 36. Steps must be monotonically increasing, so this data will be ignored. See https://wandb.me/define-metric to log data out of order.
1400:	learn: 0.9244192	total: 11.2s	remaining: 788ms
1499:	learn: 0.9248347	total: 11.9s	remaining: 0us
[I 2025-11-27 20:34:21,239] Trial 36 finished with value: 0.8955888561088703 and parameters: {'iterations': 1500, 'learning_rate': 0.01, 'depth': 5, 'threshold': 0.7358312128202198}. Best is trial 5 with value: 0.8969673418577537.
0:	learn: 0.8816017	total: 6.83ms	remaining: 13.7s
200:	learn: 0.9243513	total: 1.45s	remaining: 13s
400:	learn: 0.9265128	total: 3s	remaining: 12s
600:	learn: 0.9284433	total: 4.65s	remaining: 10.8s
800:	learn: 0.9296652	total: 6.39s	remaining: 9.57s
[34m[1mwandb[0m: [33mWARNING[0m Tried to log to step 36 that is less than the current step 37. Steps must be monotonically increasing, so this data will be ignored. See https://wandb.me/define-metric to log data out of order.
1000:	learn: 0.9314270	total: 8.05s	remaining: 8.03s
1200:	learn: 0.9328277	total: 9.65s	remaining: 6.42s
1400:	learn: 0.9340574	total: 11s	remaining: 4.72s
1600:	learn: 0.9349158	total: 12.6s	remaining: 3.13s
1800:	learn: 0.9355242	total: 14.1s	remaining: 1.55s
1999:	learn: 0.9364554	total: 15.6s	remaining: 0us
[I 2025-11-27 20:34:37,066] Trial 37 finished with value: 0.8870751727986207 and parameters: {'iterations': 2000, 'learning_rate': 0.09, 'depth': 4, 'threshold': 0.8758375284664784}. Best is trial 5 with value: 0.8969673418577537.
0:	learn: 0.8941478	total: 13.3ms	remaining: 13.3s
200:	learn: 0.9245605	total: 1.71s	remaining: 6.79s
[34m[1mwandb[0m: [33mWARNING[0m Tried to log to step 37 that is less than the current step 38. Steps must be monotonically increasing, so this data will be ignored. See https://wandb.me/define-metric to log data out of order.
400:	learn: 0.9282991	total: 3.6s	remaining: 5.38s
600:	learn: 0.9302812	total: 5.42s	remaining: 3.6s
800:	learn: 0.9323772	total: 7.21s	remaining: 1.79s
999:	learn: 0.9343592	total: 8.91s	remaining: 0us
[I 2025-11-27 20:34:46,129] Trial 38 finished with value: 0.880911231485024 and parameters: {'iterations': 1000, 'learning_rate': 0.06999999999999999, 'depth': 5, 'threshold': 0.898337194889306}. Best is trial 5 with value: 0.8969673418577537.
0:	learn: 0.8965430	total: 9.59ms	remaining: 14.4s
200:	learn: 0.9240603	total: 2.06s	remaining: 13.3s
[34m[1mwandb[0m: [33mWARNING[0m Tried to log to step 38 that is less than the current step 39. Steps must be monotonically increasing, so this data will be ignored. See https://wandb.me/define-metric to log data out of order.
400:	learn: 0.9283261	total: 4.14s	remaining: 11.3s
600:	learn: 0.9314382	total: 6.41s	remaining: 9.58s
800:	learn: 0.9343297	total: 8.53s	remaining: 7.44s
1000:	learn: 0.9366862	total: 10.9s	remaining: 5.44s
1200:	learn: 0.9393957	total: 13.1s	remaining: 3.25s
1400:	learn: 0.9415110	total: 15.3s	remaining: 1.08s
1499:	learn: 0.9428306	total: 16.3s	remaining: 0us
[I 2025-11-27 20:35:02,649] Trial 39 finished with value: 0.8106322493308351 and parameters: {'iterations': 1500, 'learning_rate': 0.03, 'depth': 7, 'threshold': 0.1798006702562011}. Best is trial 5 with value: 0.8969673418577537.
0:	learn: 0.8962157	total: 14.3ms	remaining: 28.5s
200:	learn: 0.9235150	total: 2.01s	remaining: 18s
400:	learn: 0.9273108	total: 3.98s	remaining: 15.9s
600:	learn: 0.9301428	total: 5.96s	remaining: 13.9s
[34m[1mwandb[0m: [33mWARNING[0m Tried to log to step 39 that is less than the current step 40. Steps must be monotonically increasing, so this data will be ignored. See https://wandb.me/define-metric to log data out of order.
800:	learn: 0.9323063	total: 7.93s	remaining: 11.9s
1000:	learn: 0.9342991	total: 9.89s	remaining: 9.87s
1200:	learn: 0.9362185	total: 11.8s	remaining: 7.88s
1400:	learn: 0.9379022	total: 13.8s	remaining: 5.9s
1600:	learn: 0.9395640	total: 15.8s	remaining: 3.93s
1800:	learn: 0.9412446	total: 17.7s	remaining: 1.96s
1999:	learn: 0.9428276	total: 19.6s	remaining: 0us
