/var/folders/yf/bvb_cdgn46s4l8cp8l3wd_nc0000gn/T/ipykernel_68074/1629602241.py:1: ExperimentalWarning: optuna_integration.wandb.wandb.WeightsAndBiasesCallback.track_in_wandb is experimental (supported from v3.0.0). The interface can change in the future.
  @wandb_callback.track_in_wandb()
[I 2025-11-27 20:20:48,643] A new study created in memory with name: no-name-04646dda-29e3-45f7-b94f-83018162453a
0:	learn: 0.8816017	total: 15.8ms	remaining: 39.4s
200:	learn: 0.9221593	total: 1.47s	remaining: 16.8s
400:	learn: 0.9245577	total: 2.85s	remaining: 14.9s
600:	learn: 0.9265829	total: 4.12s	remaining: 13s
800:	learn: 0.9275523	total: 5.39s	remaining: 11.4s
1000:	learn: 0.9281147	total: 6.69s	remaining: 10s
1200:	learn: 0.9290595	total: 8.07s	remaining: 8.73s
1400:	learn: 0.9296460	total: 9.53s	remaining: 7.47s
1600:	learn: 0.9306423	total: 11.1s	remaining: 6.25s
1800:	learn: 0.9313049	total: 12.7s	remaining: 4.93s
2000:	learn: 0.9320052	total: 14.2s	remaining: 3.55s
2200:	learn: 0.9327167	total: 15.8s	remaining: 2.14s
2400:	learn: 0.9332270	total: 17.4s	remaining: 717ms
2499:	learn: 0.9335282	total: 18.1s	remaining: 0us
[W 2025-11-27 20:21:07,051] Trial 0 failed with parameters: {'iterations': 2500, 'learning_rate': 0.05, 'depth': 4, 'threshold': 0.46677686005616004} because of the following error: NameError("name 'X_valid' is not defined").
Traceback (most recent call last):
  File "/Users/conquerormikrokosmos/Downloads/LAPTOP MAC/MYUNIVERSITY/ĐẠI HỌC QUỐC GIA TPHCM/ĐH KHOA HỌC TỰ NHIÊN/NĂM 4/HKI/Intelligent Data Analysis/Chatbot_Extension/.venv/lib/python3.10/site-packages/optuna/study/_optimize.py", line 205, in _run_trial
    value_or_values = func(trial)
  File "/Users/conquerormikrokosmos/Downloads/LAPTOP MAC/MYUNIVERSITY/ĐẠI HỌC QUỐC GIA TPHCM/ĐH KHOA HỌC TỰ NHIÊN/NĂM 4/HKI/Intelligent Data Analysis/Chatbot_Extension/.venv/lib/python3.10/site-packages/optuna_integration/wandb/wandb.py", line 233, in wrapper
    return func(trial)
  File "/var/folders/yf/bvb_cdgn46s4l8cp8l3wd_nc0000gn/T/ipykernel_68074/1629602241.py", line 25, in objective
    y_pred_probs = model.predict_proba(X_valid)[:, 1]
NameError: name 'X_valid' is not defined. Did you mean: 'X_val'?
[W 2025-11-27 20:21:07,053] Trial 0 failed with value None.
/var/folders/yf/bvb_cdgn46s4l8cp8l3wd_nc0000gn/T/ipykernel_68074/2779495875.py:1: ExperimentalWarning: optuna_integration.wandb.wandb.WeightsAndBiasesCallback.track_in_wandb is experimental (supported from v3.0.0). The interface can change in the future.
  @wandb_callback.track_in_wandb()
[I 2025-11-27 20:22:32,246] A new study created in memory with name: no-name-c07c205d-7d96-40bb-98e8-09bc03ca0b71
0:	learn: 0.9016107	total: 29.6ms	remaining: 29.5s
200:	learn: 0.9517491	total: 4.15s	remaining: 16.5s
400:	learn: 0.9705066	total: 7.98s	remaining: 11.9s
600:	learn: 0.9795547	total: 11.3s	remaining: 7.53s
800:	learn: 0.9849190	total: 15.1s	remaining: 3.75s
999:	learn: 0.9862795	total: 18.4s	remaining: 0us
[I 2025-11-27 20:22:50,811] Trial 0 finished with value: 0.8564499789244575 and parameters: {'iterations': 1000, 'learning_rate': 0.08, 'depth': 10, 'threshold': 0.19546658011391305}. Best is trial 0 with value: 0.8564499789244575.
0:	learn: 0.8941478	total: 13.2ms	remaining: 26.3s
200:	learn: 0.9237322	total: 1.58s	remaining: 14.1s
400:	learn: 0.9273406	total: 3.34s	remaining: 13.3s
600:	learn: 0.9290760	total: 5.08s	remaining: 11.8s
800:	learn: 0.9312559	total: 6.91s	remaining: 10.3s
[34m[1mwandb[0m: [33mWARNING[0m Tried to log to step 0 that is less than the current step 1. Steps must be monotonically increasing, so this data will be ignored. See https://wandb.me/define-metric to log data out of order.
1000:	learn: 0.9329636	total: 8.88s	remaining: 8.87s
1200:	learn: 0.9345789	total: 10.8s	remaining: 7.19s
1400:	learn: 0.9360154	total: 12.8s	remaining: 5.46s
1600:	learn: 0.9373649	total: 14.6s	remaining: 3.64s
1800:	learn: 0.9386952	total: 16.5s	remaining: 1.82s
1999:	learn: 0.9401720	total: 18.2s	remaining: 0us
[I 2025-11-27 20:23:09,233] Trial 1 finished with value: 0.8924486088753357 and parameters: {'iterations': 2000, 'learning_rate': 0.060000000000000005, 'depth': 5, 'threshold': 0.6490232828176747}. Best is trial 1 with value: 0.8924486088753357.
0:	learn: 0.8962157	total: 11.4ms	remaining: 11.4s
200:	learn: 0.9271534	total: 1.87s	remaining: 7.43s
400:	learn: 0.9322743	total: 3.87s	remaining: 5.78s
600:	learn: 0.9365962	total: 5.69s	remaining: 3.78s
800:	learn: 0.9400960	total: 7.53s	remaining: 1.87s
[34m[1mwandb[0m: [33mWARNING[0m Tried to log to step 1 that is less than the current step 2. Steps must be monotonically increasing, so this data will be ignored. See https://wandb.me/define-metric to log data out of order.
999:	learn: 0.9432483	total: 9.42s	remaining: 0us
[I 2025-11-27 20:23:18,785] Trial 2 finished with value: 0.7919635691566491 and parameters: {'iterations': 1000, 'learning_rate': 0.08, 'depth': 6, 'threshold': 0.13545553125381424}. Best is trial 1 with value: 0.8924486088753357.
0:	learn: 0.9016107	total: 24.7ms	remaining: 1m 14s
200:	learn: 0.9376196	total: 3.61s	remaining: 50.3s
400:	learn: 0.9519934	total: 7.49s	remaining: 48.6s
[34m[1mwandb[0m: [33mWARNING[0m Tried to log to step 2 that is less than the current step 3. Steps must be monotonically increasing, so this data will be ignored. See https://wandb.me/define-metric to log data out of order.
600:	learn: 0.9628784	total: 11.4s	remaining: 45.4s
800:	learn: 0.9695127	total: 15.1s	remaining: 41.4s
1000:	learn: 0.9750699	total: 19.1s	remaining: 38.2s
1200:	learn: 0.9792967	total: 23.4s	remaining: 35.1s
1400:	learn: 0.9823740	total: 27.4s	remaining: 31.3s
1600:	learn: 0.9847288	total: 31.2s	remaining: 27.3s
1800:	learn: 0.9870155	total: 35.1s	remaining: 23.4s
2000:	learn: 0.9887262	total: 39.1s	remaining: 19.5s
2200:	learn: 0.9901489	total: 43.5s	remaining: 15.8s
2400:	learn: 0.9917073	total: 47.3s	remaining: 11.8s
2600:	learn: 0.9927986	total: 51.4s	remaining: 7.89s
2800:	learn: 0.9936619	total: 55.2s	remaining: 3.92s
2999:	learn: 0.9945577	total: 58.7s	remaining: 0us
[I 2025-11-27 20:24:18,077] Trial 3 finished with value: 0.8877696003834441 and parameters: {'iterations': 3000, 'learning_rate': 0.04, 'depth': 10, 'threshold': 0.7211484209260602}. Best is trial 1 with value: 0.8924486088753357.
0:	learn: 0.8941478	total: 8.47ms	remaining: 12.7s
[34m[1mwandb[0m: [33mWARNING[0m Tried to log to step 3 that is less than the current step 4. Steps must be monotonically increasing, so this data will be ignored. See https://wandb.me/define-metric to log data out of order.
200:	learn: 0.9245605	total: 1.69s	remaining: 10.9s
400:	learn: 0.9282991	total: 3.31s	remaining: 9.07s
600:	learn: 0.9302812	total: 4.96s	remaining: 7.41s
800:	learn: 0.9323772	total: 6.59s	remaining: 5.75s
1000:	learn: 0.9344596	total: 8.18s	remaining: 4.08s
1200:	learn: 0.9358744	total: 9.81s	remaining: 2.44s
1400:	learn: 0.9375847	total: 11.5s	remaining: 809ms
1499:	learn: 0.9384212	total: 12.3s	remaining: 0us
[I 2025-11-27 20:24:30,530] Trial 4 finished with value: 0.8826570885338922 and parameters: {'iterations': 1500, 'learning_rate': 0.06999999999999999, 'depth': 5, 'threshold': 0.8909353309459043}. Best is trial 1 with value: 0.8924486088753357.
0:	learn: 0.8965430	total: 9.56ms	remaining: 19.1s
200:	learn: 0.9182609	total: 2.02s	remaining: 18.1s
400:	learn: 0.9218307	total: 4.06s	remaining: 16.2s
600:	learn: 0.9241715	total: 5.99s	remaining: 13.9s
800:	learn: 0.9257845	total: 8.02s	remaining: 12s
[34m[1mwandb[0m: [33mWARNING[0m Tried to log to step 4 that is less than the current step 5. Steps must be monotonically increasing, so this data will be ignored. See https://wandb.me/define-metric to log data out of order.
1000:	learn: 0.9271586	total: 9.94s	remaining: 9.92s
1200:	learn: 0.9282313	total: 11.8s	remaining: 7.87s
1400:	learn: 0.9291925	total: 13.7s	remaining: 5.87s
1600:	learn: 0.9304877	total: 15.7s	remaining: 3.9s
1800:	learn: 0.9314652	total: 17.6s	remaining: 1.94s
1999:	learn: 0.9325295	total: 19.6s	remaining: 0us
[I 2025-11-27 20:24:50,392] Trial 5 finished with value: 0.8969673418577537 and parameters: {'iterations': 2000, 'learning_rate': 0.01, 'depth': 7, 'threshold': 0.77312897607623}. Best is trial 5 with value: 0.8969673418577537.
0:	learn: 0.8816017	total: 8.31ms	remaining: 8.3s
200:	learn: 0.9201454	total: 1.62s	remaining: 6.45s
400:	learn: 0.9227187	total: 3.14s	remaining: 4.69s
600:	learn: 0.9240170	total: 4.66s	remaining: 3.1s
800:	learn: 0.9254345	total: 6.25s	remaining: 1.55s
999:	learn: 0.9263714	total: 7.79s	remaining: 0us
[I 2025-11-27 20:24:58,308] Trial 6 finished with value: 0.8862606608650009 and parameters: {'iterations': 1000, 'learning_rate': 0.03, 'depth': 4, 'threshold': 0.8797357408093223}. Best is trial 5 with value: 0.8969673418577537.
0:	learn: 0.8965430	total: 9.54ms	remaining: 14.3s
[34m[1mwandb[0m: [33mWARNING[0m Tried to log to step 5 that is less than the current step 6. Steps must be monotonically increasing, so this data will be ignored. See https://wandb.me/define-metric to log data out of order.
[34m[1mwandb[0m: [33mWARNING[0m Tried to log to step 6 that is less than the current step 7. Steps must be monotonically increasing, so this data will be ignored. See https://wandb.me/define-metric to log data out of order.
200:	learn: 0.9279163	total: 2.02s	remaining: 13.1s
400:	learn: 0.9339655	total: 4.32s	remaining: 11.8s
600:	learn: 0.9388499	total: 6.37s	remaining: 9.52s
800:	learn: 0.9436364	total: 8.47s	remaining: 7.39s
1000:	learn: 0.9475408	total: 10.3s	remaining: 5.13s
1200:	learn: 0.9515403	total: 12.4s	remaining: 3.08s
1400:	learn: 0.9554118	total: 14.9s	remaining: 1.06s
1499:	learn: 0.9571010	total: 15.9s	remaining: 0us
[I 2025-11-27 20:25:14,432] Trial 7 finished with value: 0.8566046350942551 and parameters: {'iterations': 1500, 'learning_rate': 0.060000000000000005, 'depth': 7, 'threshold': 0.3173345730911106}. Best is trial 5 with value: 0.8969673418577537.
0:	learn: 0.8962157	total: 9.11ms	remaining: 27.3s
200:	learn: 0.9254778	total: 1.86s	remaining: 25.9s
400:	learn: 0.9299663	total: 3.59s	remaining: 23.3s
[34m[1mwandb[0m: [33mWARNING[0m Tried to log to step 7 that is less than the current step 8. Steps must be monotonically increasing, so this data will be ignored. See https://wandb.me/define-metric to log data out of order.
600:	learn: 0.9330559	total: 5.33s	remaining: 21.3s
800:	learn: 0.9361102	total: 7.4s	remaining: 20.3s
1000:	learn: 0.9388933	total: 9.34s	remaining: 18.7s
1200:	learn: 0.9418119	total: 11.1s	remaining: 16.7s
1400:	learn: 0.9443289	total: 12.9s	remaining: 14.7s
1600:	learn: 0.9464087	total: 14.6s	remaining: 12.7s
1800:	learn: 0.9482226	total: 16.3s	remaining: 10.9s
2000:	learn: 0.9503241	total: 18s	remaining: 9.01s
2200:	learn: 0.9523521	total: 19.8s	remaining: 7.19s
2400:	learn: 0.9537805	total: 21.6s	remaining: 5.4s
2600:	learn: 0.9552200	total: 23.4s	remaining: 3.58s
2800:	learn: 0.9566020	total: 25.1s	remaining: 1.78s
2999:	learn: 0.9582502	total: 26.8s	remaining: 0us
[I 2025-11-27 20:25:41,569] Trial 8 finished with value: 0.84449231379361 and parameters: {'iterations': 3000, 'learning_rate': 0.060000000000000005, 'depth': 6, 'threshold': 0.24461782093421702}. Best is trial 5 with value: 0.8969673418577537.
0:	learn: 0.8816017	total: 10.6ms	remaining: 5.29s
200:	learn: 0.9089479	total: 1.56s	remaining: 2.32s
400:	learn: 0.9174905	total: 3.04s	remaining: 751ms
499:	learn: 0.9189229	total: 3.78s	remaining: 0us
[I 2025-11-27 20:25:45,422] Trial 9 finished with value: 0.8435386749259733 and parameters: {'iterations': 500, 'learning_rate': 0.01, 'depth': 4, 'threshold': 0.37939936601774776}. Best is trial 5 with value: 0.8969673418577537.
0:	learn: 0.8978533	total: 12.4ms	remaining: 30.9s
200:	learn: 0.9374082	total: 2.18s	remaining: 24.9s
[34m[1mwandb[0m: [33mWARNING[0m Tried to log to step 8 that is less than the current step 9. Steps must be monotonically increasing, so this data will be ignored. See https://wandb.me/define-metric to log data out of order.
[34m[1mwandb[0m: [33mWARNING[0m Tried to log to step 9 that is less than the current step 10. Steps must be monotonically increasing, so this data will be ignored. See https://wandb.me/define-metric to log data out of order.
400:	learn: 0.9497746	total: 4.34s	remaining: 22.7s
600:	learn: 0.9595365	total: 6.86s	remaining: 21.7s
800:	learn: 0.9672840	total: 9.03s	remaining: 19.1s
1000:	learn: 0.9730205	total: 11.2s	remaining: 16.7s
1200:	learn: 0.9763557	total: 13.3s	remaining: 14.3s
1400:	learn: 0.9796040	total: 15.4s	remaining: 12.1s
1600:	learn: 0.9831727	total: 17.5s	remaining: 9.85s
1800:	learn: 0.9854811	total: 19.8s	remaining: 7.68s
2000:	learn: 0.9874011	total: 21.9s	remaining: 5.47s
2200:	learn: 0.9888728	total: 24.1s	remaining: 3.27s
2400:	learn: 0.9905345	total: 26.2s	remaining: 1.08s
2499:	learn: 0.9908602	total: 27.2s	remaining: 0us
[I 2025-11-27 20:26:12,960] Trial 10 finished with value: 0.8852911203206739 and parameters: {'iterations': 2500, 'learning_rate': 0.09999999999999999, 'depth': 8, 'threshold': 0.5148505623418264}. Best is trial 5 with value: 0.8969673418577537.
0:	learn: 0.8978533	total: 15ms	remaining: 30s
200:	learn: 0.9196055	total: 2.34s	remaining: 20.9s
400:	learn: 0.9240492	total: 4.58s	remaining: 18.3s
[34m[1mwandb[0m: [33mWARNING[0m Tried to log to step 10 that is less than the current step 11. Steps must be monotonically increasing, so this data will be ignored. See https://wandb.me/define-metric to log data out of order.
600:	learn: 0.9263356	total: 6.79s	remaining: 15.8s
800:	learn: 0.9285484	total: 8.99s	remaining: 13.5s
1000:	learn: 0.9297732	total: 11.2s	remaining: 11.2s
1200:	learn: 0.9314108	total: 13.4s	remaining: 8.91s
1400:	learn: 0.9335422	total: 15.6s	remaining: 6.67s
1600:	learn: 0.9352660	total: 17.8s	remaining: 4.43s
1800:	learn: 0.9366154	total: 20s	remaining: 2.21s
1999:	learn: 0.9381061	total: 22.1s	remaining: 0us
[I 2025-11-27 20:26:35,349] Trial 11 finished with value: 0.8905842048758127 and parameters: {'iterations': 2000, 'learning_rate': 0.01, 'depth': 8, 'threshold': 0.636325033390635}. Best is trial 5 with value: 0.8969673418577537.
0:	learn: 0.8962157	total: 9.1ms	remaining: 18.2s
200:	learn: 0.9235150	total: 1.88s	remaining: 16.8s
[34m[1mwandb[0m: [33mWARNING[0m Tried to log to step 11 that is less than the current step 12. Steps must be monotonically increasing, so this data will be ignored. See https://wandb.me/define-metric to log data out of order.
400:	learn: 0.9273108	total: 3.67s	remaining: 14.6s
600:	learn: 0.9301428	total: 5.45s	remaining: 12.7s
800:	learn: 0.9323063	total: 7.23s	remaining: 10.8s
1000:	learn: 0.9342991	total: 9.02s	remaining: 9s
1200:	learn: 0.9362185	total: 10.8s	remaining: 7.19s
1400:	learn: 0.9379022	total: 12.6s	remaining: 5.4s
1600:	learn: 0.9395640	total: 14.6s	remaining: 3.63s
1800:	learn: 0.9412446	total: 16.3s	remaining: 1.8s
1999:	learn: 0.9428276	total: 18.1s	remaining: 0us
[I 2025-11-27 20:26:53,696] Trial 12 finished with value: 0.8958780718314214 and parameters: {'iterations': 2000, 'learning_rate': 0.04, 'depth': 6, 'threshold': 0.7242554778144741}. Best is trial 5 with value: 0.8969673418577537.
0:	learn: 0.8978533	total: 12.1ms	remaining: 30.3s
200:	learn: 0.9263735	total: 2.21s	remaining: 25.3s
400:	learn: 0.9316605	total: 4.4s	remaining: 23s
[34m[1mwandb[0m: [33mWARNING[0m Tried to log to step 12 that is less than the current step 13. Steps must be monotonically increasing, so this data will be ignored. See https://wandb.me/define-metric to log data out of order.
600:	learn: 0.9366532	total: 6.51s	remaining: 20.6s
800:	learn: 0.9402703	total: 8.69s	remaining: 18.4s
1000:	learn: 0.9441634	total: 10.9s	remaining: 16.3s
1200:	learn: 0.9480647	total: 13s	remaining: 14.1s
1400:	learn: 0.9513906	total: 15.2s	remaining: 11.9s
1600:	learn: 0.9544668	total: 17.3s	remaining: 9.72s
1800:	learn: 0.9570083	total: 19.5s	remaining: 7.55s
2000:	learn: 0.9595228	total: 21.6s	remaining: 5.39s
2200:	learn: 0.9616087	total: 23.8s	remaining: 3.23s
2400:	learn: 0.9636045	total: 25.9s	remaining: 1.07s
2499:	learn: 0.9644954	total: 27s	remaining: 0us
[I 2025-11-27 20:27:20,975] Trial 13 finished with value: 0.8921408592369895 and parameters: {'iterations': 2500, 'learning_rate': 0.03, 'depth': 8, 'threshold': 0.757708424656158}. Best is trial 5 with value: 0.8969673418577537.
0:	learn: 0.8965430	total: 15.9ms	remaining: 39.7s
200:	learn: 0.9255132	total: 1.98s	remaining: 22.6s
400:	learn: 0.9304143	total: 3.96s	remaining: 20.7s
600:	learn: 0.9340961	total: 5.84s	remaining: 18.4s
[34m[1mwandb[0m: [33mWARNING[0m Tried to log to step 13 that is less than the current step 14. Steps must be monotonically increasing, so this data will be ignored. See https://wandb.me/define-metric to log data out of order.
800:	learn: 0.9371856	total: 7.74s	remaining: 16.4s
1000:	learn: 0.9409105	total: 10s	remaining: 15s
1200:	learn: 0.9438754	total: 12.1s	remaining: 13.1s
1400:	learn: 0.9467591	total: 14.3s	remaining: 11.2s
1600:	learn: 0.9494388	total: 16.9s	remaining: 9.52s
1800:	learn: 0.9519230	total: 20.4s	remaining: 7.92s
2000:	learn: 0.9545157	total: 22.8s	remaining: 5.68s
2200:	learn: 0.9566146	total: 24.9s	remaining: 3.39s
2400:	learn: 0.9580539	total: 27s	remaining: 1.11s
2499:	learn: 0.9589257	total: 28.1s	remaining: 0us
[I 2025-11-27 20:27:49,465] Trial 14 finished with value: 0.8833573715328833 and parameters: {'iterations': 2500, 'learning_rate': 0.04, 'depth': 7, 'threshold': 0.5161139640292851}. Best is trial 5 with value: 0.8969673418577537.
0:	learn: 0.8962157	total: 12.6ms	remaining: 25.1s
200:	learn: 0.9208144	total: 2.02s	remaining: 18.1s
400:	learn: 0.9237973	total: 5.15s	remaining: 20.5s
600:	learn: 0.9257523	total: 6.96s	remaining: 16.2s
800:	learn: 0.9271344	total: 8.68s	remaining: 13s
[34m[1mwandb[0m: [33mWARNING[0m Tried to log to step 14 that is less than the current step 15. Steps must be monotonically increasing, so this data will be ignored. See https://wandb.me/define-metric to log data out of order.
1000:	learn: 0.9289021	total: 10.7s	remaining: 10.7s
1200:	learn: 0.9298878	total: 12.8s	remaining: 8.49s
1400:	learn: 0.9311421	total: 14.7s	remaining: 6.29s
1600:	learn: 0.9320868	total: 16.8s	remaining: 4.18s
1800:	learn: 0.9331754	total: 19s	remaining: 2.1s
1999:	learn: 0.9340471	total: 21s	remaining: 0us
[I 2025-11-27 20:28:10,787] Trial 15 finished with value: 0.8960839399104065 and parameters: {'iterations': 2000, 'learning_rate': 0.02, 'depth': 6, 'threshold': 0.7982291655458553}. Best is trial 5 with value: 0.8969673418577537.
0:	learn: 0.8980886	total: 17.4ms	remaining: 26.1s
200:	learn: 0.9261701	total: 2.71s	remaining: 17.5s
400:	learn: 0.9319236	total: 5.46s	remaining: 15s
[34m[1mwandb[0m: [33mWARNING[0m Tried to log to step 15 that is less than the current step 16. Steps must be monotonically increasing, so this data will be ignored. See https://wandb.me/define-metric to log data out of order.
600:	learn: 0.9371421	total: 7.93s	remaining: 11.9s
800:	learn: 0.9421867	total: 10.7s	remaining: 9.31s
1000:	learn: 0.9464494	total: 13.4s	remaining: 6.68s
1200:	learn: 0.9503693	total: 16.1s	remaining: 4s
1400:	learn: 0.9535786	total: 18.8s	remaining: 1.33s
1499:	learn: 0.9552184	total: 20.1s	remaining: 0us
[I 2025-11-27 20:28:31,189] Trial 16 finished with value: 0.8919594620879072 and parameters: {'iterations': 1500, 'learning_rate': 0.02, 'depth': 9, 'threshold': 0.8176315657158627}. Best is trial 5 with value: 0.8969673418577537.
0:	learn: 0.8941478	total: 10.7ms	remaining: 26.7s
200:	learn: 0.9194045	total: 1.7s	remaining: 19.5s
400:	learn: 0.9225154	total: 3.45s	remaining: 18.1s
600:	learn: 0.9237702	total: 5.13s	remaining: 16.2s
800:	learn: 0.9252040	total: 6.89s	remaining: 14.6s
[34m[1mwandb[0m: [33mWARNING[0m Tried to log to step 16 that is less than the current step 17. Steps must be monotonically increasing, so this data will be ignored. See https://wandb.me/define-metric to log data out of order.
1000:	learn: 0.9264583	total: 8.63s	remaining: 12.9s
1200:	learn: 0.9272511	total: 10.4s	remaining: 11.2s
1400:	learn: 0.9280711	total: 12.1s	remaining: 9.48s
1600:	learn: 0.9286442	total: 13.8s	remaining: 7.76s
1800:	learn: 0.9294695	total: 15.5s	remaining: 6.02s
2000:	learn: 0.9301862	total: 17.1s	remaining: 4.26s
2200:	learn: 0.9308161	total: 18.6s	remaining: 2.53s
2400:	learn: 0.9311094	total: 20.1s	remaining: 831ms
2499:	learn: 0.9313944	total: 20.9s	remaining: 0us
[I 2025-11-27 20:28:52,451] Trial 17 finished with value: 0.8889511124343759 and parameters: {'iterations': 2500, 'learning_rate': 0.02, 'depth': 5, 'threshold': 0.6108782439073233}. Best is trial 5 with value: 0.8969673418577537.
0:	learn: 0.8965430	total: 13.5ms	remaining: 27.1s
200:	learn: 0.9182609	total: 2.03s	remaining: 18.1s
400:	learn: 0.9218307	total: 4.42s	remaining: 17.6s
[34m[1mwandb[0m: [33mWARNING[0m Tried to log to step 17 that is less than the current step 18. Steps must be monotonically increasing, so this data will be ignored. See https://wandb.me/define-metric to log data out of order.
600:	learn: 0.9241715	total: 6.49s	remaining: 15.1s
800:	learn: 0.9257845	total: 8.81s	remaining: 13.2s
1000:	learn: 0.9271586	total: 11s	remaining: 11s
1200:	learn: 0.9282313	total: 13.1s	remaining: 8.69s
1400:	learn: 0.9291925	total: 15.1s	remaining: 6.46s
1600:	learn: 0.9304877	total: 17.3s	remaining: 4.32s
1800:	learn: 0.9314652	total: 19.8s	remaining: 2.19s
1999:	learn: 0.9325295	total: 22s	remaining: 0us
