/var/folders/yf/bvb_cdgn46s4l8cp8l3wd_nc0000gn/T/ipykernel_67277/3719337836.py:1: ExperimentalWarning: optuna_integration.wandb.wandb.WeightsAndBiasesCallback.track_in_wandb is experimental (supported from v3.0.0). The interface can change in the future.
  @wandb_callback.track_in_wandb()
/var/folders/yf/bvb_cdgn46s4l8cp8l3wd_nc0000gn/T/ipykernel_67277/3719337836.py:1: ExperimentalWarning: optuna_integration.wandb.wandb.WeightsAndBiasesCallback.track_in_wandb is experimental (supported from v3.0.0). The interface can change in the future.
  @wandb_callback.track_in_wandb()
[I 2025-11-27 14:01:19,220] A new study created in memory with name: no-name-e5bb93c7-2169-4fde-9000-037205a25fd1
[W 2025-11-27 14:01:20,727] Trial 0 failed with parameters: {'colsample_bytree': 0.6707544901147574, 'n_estimators': 756, 'learning_rate': 0.07198790453461093, 'reg_lambda': 3.7556129220938406, 'reg_alpha': 3.54219901357495, 'max_depth': 8, 'gamma': 0.12079102728498858, 'threshold': 0.5172369737160613} because of the following error: NameError("name 'X_valid' is not defined").
Traceback (most recent call last):
  File "/Users/conquerormikrokosmos/Downloads/LAPTOP MAC/MYUNIVERSITY/ĐẠI HỌC QUỐC GIA TPHCM/ĐH KHOA HỌC TỰ NHIÊN/NĂM 4/HKI/Intelligent Data Analysis/Chatbot_Extension/.venv/lib/python3.10/site-packages/optuna/study/_optimize.py", line 205, in _run_trial
    value_or_values = func(trial)
  File "/Users/conquerormikrokosmos/Downloads/LAPTOP MAC/MYUNIVERSITY/ĐẠI HỌC QUỐC GIA TPHCM/ĐH KHOA HỌC TỰ NHIÊN/NĂM 4/HKI/Intelligent Data Analysis/Chatbot_Extension/.venv/lib/python3.10/site-packages/optuna_integration/wandb/wandb.py", line 233, in wrapper
    return func(trial)
  File "/var/folders/yf/bvb_cdgn46s4l8cp8l3wd_nc0000gn/T/ipykernel_67277/3719337836.py", line 28, in objective
    y_pred_probs = model.predict_proba(X_valid)[:, 1]
NameError: name 'X_valid' is not defined. Did you mean: 'X_val'?
[W 2025-11-27 14:01:20,731] Trial 0 failed with value None.
/var/folders/yf/bvb_cdgn46s4l8cp8l3wd_nc0000gn/T/ipykernel_67277/3719337836.py:1: ExperimentalWarning: optuna_integration.wandb.wandb.WeightsAndBiasesCallback.track_in_wandb is experimental (supported from v3.0.0). The interface can change in the future.
  @wandb_callback.track_in_wandb()
[I 2025-11-27 14:01:51,884] A new study created in memory with name: no-name-60d0d62c-26c7-4216-914a-947c7f62e5a6
[I 2025-11-27 14:01:52,972] Trial 0 finished with value: 0.8428643661518918 and parameters: {'colsample_bytree': 0.7898405937038112, 'n_estimators': 519, 'learning_rate': 0.06785084388950689, 'reg_lambda': 0.07670621142184686, 'reg_alpha': 3.0661298026575334, 'max_depth': 6, 'gamma': 0.25948538175771907, 'threshold': 0.8113796087892154}. Best is trial 0 with value: 0.8428643661518918.
[I 2025-11-27 14:01:55,848] Trial 1 finished with value: 0.8662771522188761 and parameters: {'colsample_bytree': 0.39008628886914065, 'n_estimators': 981, 'learning_rate': 0.02753901137457275, 'reg_lambda': 2.430161647980117, 'reg_alpha': 0.1935033530428094, 'max_depth': 7, 'gamma': 0.26476441380823, 'threshold': 0.7278645788666279}. Best is trial 1 with value: 0.8662771522188761.
[I 2025-11-27 14:01:57,548] Trial 2 finished with value: 0.8881701568985478 and parameters: {'colsample_bytree': 0.17275763608930983, 'n_estimators': 531, 'learning_rate': 0.04659135148801365, 'reg_lambda': 3.140362923815118, 'reg_alpha': 2.081384778409259, 'max_depth': 10, 'gamma': 0.15662966855778354, 'threshold': 0.5467169635991763}. Best is trial 2 with value: 0.8881701568985478.
[I 2025-11-27 14:01:58,507] Trial 3 finished with value: 0.8952550472819507 and parameters: {'colsample_bytree': 0.231031503833931, 'n_estimators': 702, 'learning_rate': 0.0876495944128886, 'reg_lambda': 3.607094975206118, 'reg_alpha': 1.6041793015319863, 'max_depth': 2, 'gamma': 0.136716818348798, 'threshold': 0.34830973823436673}. Best is trial 3 with value: 0.8952550472819507.
[I 2025-11-27 14:02:00,030] Trial 4 finished with value: 0.8847318212400468 and parameters: {'colsample_bytree': 0.39395212024758697, 'n_estimators': 977, 'learning_rate': 0.055312284637156005, 'reg_lambda': 3.8089832696491808, 'reg_alpha': 0.5124248172755226, 'max_depth': 3, 'gamma': 0.23502469923440455, 'threshold': 0.22612776890076686}. Best is trial 3 with value: 0.8952550472819507.
[34m[1mwandb[0m: [33mWARNING[0m Tried to log to step 0 that is less than the current step 1. Steps must be monotonically increasing, so this data will be ignored. See https://wandb.me/define-metric to log data out of order.
[34m[1mwandb[0m: [33mWARNING[0m Tried to log to step 1 that is less than the current step 2. Steps must be monotonically increasing, so this data will be ignored. See https://wandb.me/define-metric to log data out of order.
[34m[1mwandb[0m: [33mWARNING[0m Tried to log to step 2 that is less than the current step 3. Steps must be monotonically increasing, so this data will be ignored. See https://wandb.me/define-metric to log data out of order.
[34m[1mwandb[0m: [33mWARNING[0m Tried to log to step 3 that is less than the current step 4. Steps must be monotonically increasing, so this data will be ignored. See https://wandb.me/define-metric to log data out of order.
[34m[1mwandb[0m: [33mWARNING[0m Tried to log to step 4 that is less than the current step 5. Steps must be monotonically increasing, so this data will be ignored. See https://wandb.me/define-metric to log data out of order.
[I 2025-11-27 14:02:01,492] Trial 5 finished with value: 0.882036274443071 and parameters: {'colsample_bytree': 0.6682321257719901, 'n_estimators': 535, 'learning_rate': 0.0709643299206969, 'reg_lambda': 3.427441952940758, 'reg_alpha': 1.676977562867703, 'max_depth': 10, 'gamma': 0.381910253231836, 'threshold': 0.21322825345850857}. Best is trial 3 with value: 0.8952550472819507.
[I 2025-11-27 14:02:03,034] Trial 6 finished with value: 0.8636819587888696 and parameters: {'colsample_bytree': 0.9830693931005385, 'n_estimators': 728, 'learning_rate': 0.0713988464608126, 'reg_lambda': 0.222560561119153, 'reg_alpha': 0.1766566196882211, 'max_depth': 10, 'gamma': 0.3155365328896335, 'threshold': 0.7430761432662911}. Best is trial 3 with value: 0.8952550472819507.
[I 2025-11-27 14:02:05,112] Trial 7 finished with value: 0.865593821887949 and parameters: {'colsample_bytree': 0.017459124207048204, 'n_estimators': 961, 'learning_rate': 0.06130019156645481, 'reg_lambda': 3.143660024211738, 'reg_alpha': 2.5027732485701457, 'max_depth': 9, 'gamma': 0.3294079995809864, 'threshold': 0.6942901699793069}. Best is trial 3 with value: 0.8952550472819507.
[I 2025-11-27 14:02:06,557] Trial 8 finished with value: 0.8858690281588675 and parameters: {'colsample_bytree': 0.0986312371845286, 'n_estimators': 945, 'learning_rate': 0.04975755047162691, 'reg_lambda': 1.6346307503061457, 'reg_alpha': 0.539207752296627, 'max_depth': 3, 'gamma': 0.004292019683356463, 'threshold': 0.5488329137266931}. Best is trial 3 with value: 0.8952550472819507.
[I 2025-11-27 14:02:07,972] Trial 9 finished with value: 0.8899383090963893 and parameters: {'colsample_bytree': 0.11463654989027716, 'n_estimators': 666, 'learning_rate': 0.08165216299973142, 'reg_lambda': 0.7047957057377165, 'reg_alpha': 0.3625824938471647, 'max_depth': 8, 'gamma': 0.4061483053548346, 'threshold': 0.2841918702003025}. Best is trial 3 with value: 0.8952550472819507.
[I 2025-11-27 14:02:09,376] Trial 10 finished with value: 0.8957263399069741 and parameters: {'colsample_bytree': 0.3016810644520885, 'n_estimators': 789, 'learning_rate': 0.0964295694925627, 'reg_lambda': 2.1179090184073655, 'reg_alpha': 3.875133451999149, 'max_depth': 5, 'gamma': 0.07943820270151346, 'threshold': 0.36670450898034745}. Best is trial 10 with value: 0.8957263399069741.
[34m[1mwandb[0m: [33mWARNING[0m Tried to log to step 5 that is less than the current step 6. Steps must be monotonically increasing, so this data will be ignored. See https://wandb.me/define-metric to log data out of order.
[34m[1mwandb[0m: [33mWARNING[0m Tried to log to step 6 that is less than the current step 7. Steps must be monotonically increasing, so this data will be ignored. See https://wandb.me/define-metric to log data out of order.
[34m[1mwandb[0m: [33mWARNING[0m Tried to log to step 7 that is less than the current step 8. Steps must be monotonically increasing, so this data will be ignored. See https://wandb.me/define-metric to log data out of order.
[34m[1mwandb[0m: [33mWARNING[0m Tried to log to step 8 that is less than the current step 9. Steps must be monotonically increasing, so this data will be ignored. See https://wandb.me/define-metric to log data out of order.
[34m[1mwandb[0m: [33mWARNING[0m Tried to log to step 9 that is less than the current step 10. Steps must be monotonically increasing, so this data will be ignored. See https://wandb.me/define-metric to log data out of order.
[34m[1mwandb[0m: [33mWARNING[0m Tried to log to step 10 that is less than the current step 11. Steps must be monotonically increasing, so this data will be ignored. See https://wandb.me/define-metric to log data out of order.
[I 2025-11-27 14:02:10,642] Trial 11 finished with value: 0.8952331382043552 and parameters: {'colsample_bytree': 0.30510304069275607, 'n_estimators': 792, 'learning_rate': 0.09971166157988591, 'reg_lambda': 2.0144883550484503, 'reg_alpha': 3.7597972228849654, 'max_depth': 5, 'gamma': 0.07800788681684395, 'threshold': 0.3728624811782849}. Best is trial 10 with value: 0.8957263399069741.
[I 2025-11-27 14:02:11,599] Trial 12 finished with value: 0.8967065594456425 and parameters: {'colsample_bytree': 0.5586389155439112, 'n_estimators': 823, 'learning_rate': 0.09511024701663162, 'reg_lambda': 1.2961856221880907, 'reg_alpha': 1.2786586574880952, 'max_depth': 2, 'gamma': 0.498314223651806, 'threshold': 0.4068529174502255}. Best is trial 12 with value: 0.8967065594456425.
[I 2025-11-27 14:02:12,692] Trial 13 finished with value: 0.8543862628984448 and parameters: {'colsample_bytree': 0.5712024424445572, 'n_estimators': 854, 'learning_rate': 0.09795856589441927, 'reg_lambda': 1.1440881793689364, 'reg_alpha': 1.124871146714653, 'max_depth': 5, 'gamma': 0.4802326465297725, 'threshold': 0.11082023731836743}. Best is trial 12 with value: 0.8967065594456425.
[I 2025-11-27 14:02:14,073] Trial 14 finished with value: 0.8950185648220657 and parameters: {'colsample_bytree': 0.4987154994379495, 'n_estimators': 854, 'learning_rate': 0.08548119942687613, 'reg_lambda': 2.5233747107020568, 'reg_alpha': 3.765712767583323, 'max_depth': 2, 'gamma': 0.48029120405368425, 'threshold': 0.4566999019737395}. Best is trial 12 with value: 0.8967065594456425.
[I 2025-11-27 14:02:15,697] Trial 15 finished with value: 0.8935932609035211 and parameters: {'colsample_bytree': 0.7343189795627709, 'n_estimators': 626, 'learning_rate': 0.0213234899612484, 'reg_lambda': 1.6250995587607826, 'reg_alpha': 3.027218518783567, 'max_depth': 4, 'gamma': 0.011835404700941701, 'threshold': 0.4595681478991701}. Best is trial 12 with value: 0.8967065594456425.
[I 2025-11-27 14:02:16,721] Trial 16 finished with value: 0.8794223531128759 and parameters: {'colsample_bytree': 0.5450922571315124, 'n_estimators': 417, 'learning_rate': 0.035562684540601325, 'reg_lambda': 0.9830556135105066, 'reg_alpha': 1.115463905368578, 'max_depth': 4, 'gamma': 0.17171077410942193, 'threshold': 0.6409211726476248}. Best is trial 12 with value: 0.8967065594456425.
[I 2025-11-27 14:02:18,167] Trial 17 finished with value: 0.8949913976114934 and parameters: {'colsample_bytree': 0.39517815217198893, 'n_estimators': 790, 'learning_rate': 0.09188431281777062, 'reg_lambda': 2.5113702579668953, 'reg_alpha': 2.712310759194903, 'max_depth': 6, 'gamma': 0.09334938101758328, 'threshold': 0.3800743568787696}. Best is trial 12 with value: 0.8967065594456425.
[I 2025-11-27 14:02:19,444] Trial 18 finished with value: 0.8598656858507089 and parameters: {'colsample_bytree': 0.8988995938256399, 'n_estimators': 853, 'learning_rate': 0.07883851062296425, 'reg_lambda': 1.627215574191048, 'reg_alpha': 1.1791906902980354, 'max_depth': 7, 'gamma': 0.1983961358572019, 'threshold': 0.12121451984735226}. Best is trial 12 with value: 0.8967065594456425.
[I 2025-11-27 14:02:20,449] Trial 19 finished with value: 0.8862884857670672 and parameters: {'colsample_bytree': 0.6078322865787892, 'n_estimators': 775, 'learning_rate': 0.07829880976691508, 'reg_lambda': 2.0923980497612127, 'reg_alpha': 3.3316076506346044, 'max_depth': 3, 'gamma': 0.43574477726906685, 'threshold': 0.5829167664958546}. Best is trial 12 with value: 0.8967065594456425.
[34m[1mwandb[0m: [33mWARNING[0m Tried to log to step 11 that is less than the current step 12. Steps must be monotonically increasing, so this data will be ignored. See https://wandb.me/define-metric to log data out of order.
[34m[1mwandb[0m: [33mWARNING[0m Tried to log to step 12 that is less than the current step 13. Steps must be monotonically increasing, so this data will be ignored. See https://wandb.me/define-metric to log data out of order.
[34m[1mwandb[0m: [33mWARNING[0m Tried to log to step 13 that is less than the current step 14. Steps must be monotonically increasing, so this data will be ignored. See https://wandb.me/define-metric to log data out of order.
[34m[1mwandb[0m: [33mWARNING[0m Tried to log to step 14 that is less than the current step 15. Steps must be monotonically increasing, so this data will be ignored. See https://wandb.me/define-metric to log data out of order.
[34m[1mwandb[0m: [33mWARNING[0m Tried to log to step 15 that is less than the current step 16. Steps must be monotonically increasing, so this data will be ignored. See https://wandb.me/define-metric to log data out of order.
[34m[1mwandb[0m: [33mWARNING[0m Tried to log to step 16 that is less than the current step 17. Steps must be monotonically increasing, so this data will be ignored. See https://wandb.me/define-metric to log data out of order.
[34m[1mwandb[0m: [33mWARNING[0m Tried to log to step 17 that is less than the current step 18. Steps must be monotonically increasing, so this data will be ignored. See https://wandb.me/define-metric to log data out of order.
[34m[1mwandb[0m: [33mWARNING[0m Tried to log to step 18 that is less than the current step 19. Steps must be monotonically increasing, so this data will be ignored. See https://wandb.me/define-metric to log data out of order.
[34m[1mwandb[0m: [33mWARNING[0m Tried to log to step 19 that is less than the current step 20. Steps must be monotonically increasing, so this data will be ignored. See https://wandb.me/define-metric to log data out of order.
[I 2025-11-27 14:02:23,066] Trial 20 finished with value: 0.8948603306086462 and parameters: {'colsample_bytree': 0.47167888795052787, 'n_estimators': 897, 'learning_rate': 0.013652526503338425, 'reg_lambda': 1.3135999097391118, 'reg_alpha': 2.1711675022821257, 'max_depth': 5, 'gamma': 0.0759134337342849, 'threshold': 0.43737448467418993}. Best is trial 12 with value: 0.8967065594456425.
[I 2025-11-27 14:02:23,944] Trial 21 finished with value: 0.8944668693605438 and parameters: {'colsample_bytree': 0.2730470992538109, 'n_estimators': 706, 'learning_rate': 0.0908552015623651, 'reg_lambda': 3.900293583589351, 'reg_alpha': 1.725503715428376, 'max_depth': 2, 'gamma': 0.12072176035198112, 'threshold': 0.3241218040881887}. Best is trial 12 with value: 0.8967065594456425.
[I 2025-11-27 14:02:24,759] Trial 22 finished with value: 0.8898598468314527 and parameters: {'colsample_bytree': 0.29076294586718876, 'n_estimators': 621, 'learning_rate': 0.0905971782208184, 'reg_lambda': 0.515911994622702, 'reg_alpha': 1.5091927847741111, 'max_depth': 2, 'gamma': 0.05383455822466755, 'threshold': 0.2700939746031632}. Best is trial 12 with value: 0.8967065594456425.
[I 2025-11-27 14:02:25,991] Trial 23 finished with value: 0.8967220133202771 and parameters: {'colsample_bytree': 0.20685956276418516, 'n_estimators': 754, 'learning_rate': 0.09988004366936079, 'reg_lambda': 2.888255733754247, 'reg_alpha': 0.905208723552474, 'max_depth': 4, 'gamma': 0.13872319644414585, 'threshold': 0.39567845067638424}. Best is trial 23 with value: 0.8967220133202771.
[I 2025-11-27 14:02:27,410] Trial 24 finished with value: 0.8954165036880295 and parameters: {'colsample_bytree': 0.013656298579727028, 'n_estimators': 754, 'learning_rate': 0.0998715683295071, 'reg_lambda': 2.819092816715261, 'reg_alpha': 0.9289135150740198, 'max_depth': 4, 'gamma': 0.2136994504396464, 'threshold': 0.40255328319749295}. Best is trial 23 with value: 0.8967220133202771.
[I 2025-11-27 14:02:29,033] Trial 25 finished with value: 0.8819525412081413 and parameters: {'colsample_bytree': 0.18229950825507657, 'n_estimators': 828, 'learning_rate': 0.09379267331483229, 'reg_lambda': 2.207888721251128, 'reg_alpha': 0.8483690472762997, 'max_depth': 4, 'gamma': 0.045704706561705805, 'threshold': 0.20410115856293493}. Best is trial 23 with value: 0.8967220133202771.
[I 2025-11-27 14:02:30,355] Trial 26 finished with value: 0.7838589663338182 and parameters: {'colsample_bytree': 0.3582767959342078, 'n_estimators': 912, 'learning_rate': 0.08333917121036456, 'reg_lambda': 1.7210947563539574, 'reg_alpha': 1.3639085902077661, 'max_depth': 3, 'gamma': 0.3077300719223793, 'threshold': 0.8961412909856756}. Best is trial 23 with value: 0.8967220133202771.
[34m[1mwandb[0m: [33mWARNING[0m Tried to log to step 20 that is less than the current step 21. Steps must be monotonically increasing, so this data will be ignored. See https://wandb.me/define-metric to log data out of order.
[34m[1mwandb[0m: [33mWARNING[0m Tried to log to step 21 that is less than the current step 22. Steps must be monotonically increasing, so this data will be ignored. See https://wandb.me/define-metric to log data out of order.
[34m[1mwandb[0m: [33mWARNING[0m Tried to log to step 22 that is less than the current step 23. Steps must be monotonically increasing, so this data will be ignored. See https://wandb.me/define-metric to log data out of order.
[34m[1mwandb[0m: [33mWARNING[0m Tried to log to step 23 that is less than the current step 24. Steps must be monotonically increasing, so this data will be ignored. See https://wandb.me/define-metric to log data out of order.
[34m[1mwandb[0m: [33mWARNING[0m Tried to log to step 24 that is less than the current step 25. Steps must be monotonically increasing, so this data will be ignored. See https://wandb.me/define-metric to log data out of order.
[34m[1mwandb[0m: [33mWARNING[0m Tried to log to step 25 that is less than the current step 26. Steps must be monotonically increasing, so this data will be ignored. See https://wandb.me/define-metric to log data out of order.
[34m[1mwandb[0m: [33mWARNING[0m Tried to log to step 26 that is less than the current step 27. Steps must be monotonically increasing, so this data will be ignored. See https://wandb.me/define-metric to log data out of order.
[I 2025-11-27 14:02:31,611] Trial 27 finished with value: 0.8941013409334835 and parameters: {'colsample_bytree': 0.4660013579123627, 'n_estimators': 662, 'learning_rate': 0.07558429891548352, 'reg_lambda': 2.8537042866878464, 'reg_alpha': 3.9829990634064076, 'max_depth': 5, 'gamma': 0.1127476080781662, 'threshold': 0.46403820985628985}. Best is trial 23 with value: 0.8967220133202771.
[I 2025-11-27 14:02:33,120] Trial 28 finished with value: 0.8918784317584492 and parameters: {'colsample_bytree': 0.6344735963734573, 'n_estimators': 819, 'learning_rate': 0.0641935266446133, 'reg_lambda': 1.3146799947818502, 'reg_alpha': 2.45732142743348, 'max_depth': 7, 'gamma': 0.18650410445197035, 'threshold': 0.51356744508135}. Best is trial 23 with value: 0.8967220133202771.
[I 2025-11-27 14:02:34,179] Trial 29 finished with value: 0.8891771362520471 and parameters: {'colsample_bytree': 0.8172908296567192, 'n_estimators': 751, 'learning_rate': 0.09448537275870841, 'reg_lambda': 2.8371749739985797, 'reg_alpha': 0.7501142831810534, 'max_depth': 6, 'gamma': 0.2678085409834553, 'threshold': 0.2910512158405437}. Best is trial 23 with value: 0.8967220133202771.
[I 2025-11-27 14:02:35,209] Trial 30 finished with value: 0.8769832091184595 and parameters: {'colsample_bytree': 0.10643063718878829, 'n_estimators': 592, 'learning_rate': 0.08464584540615615, 'reg_lambda': 1.8437861843107903, 'reg_alpha': 0.0032317107853285787, 'max_depth': 4, 'gamma': 0.35127965735625116, 'threshold': 0.6203217076142774}. Best is trial 23 with value: 0.8967220133202771.
[I 2025-11-27 14:02:36,457] Trial 31 finished with value: 0.8949958395979707 and parameters: {'colsample_bytree': 0.044477774335253795, 'n_estimators': 748, 'learning_rate': 0.09831469557817021, 'reg_lambda': 2.8143482302741085, 'reg_alpha': 0.8165253428976885, 'max_depth': 4, 'gamma': 0.2236927508385262, 'threshold': 0.40713761869948584}. Best is trial 23 with value: 0.8967220133202771.
[I 2025-11-27 14:02:37,808] Trial 32 finished with value: 0.8964335485407134 and parameters: {'colsample_bytree': 0.18730847853621746, 'n_estimators': 879, 'learning_rate': 0.09792672457328623, 'reg_lambda': 2.3826595637317816, 'reg_alpha': 1.9231814123692896, 'max_depth': 5, 'gamma': 0.14868313050586823, 'threshold': 0.4108276833059553}. Best is trial 23 with value: 0.8967220133202771.
