[I 2025-11-27 14:02:39,400] Trial 33 finished with value: 0.8916901781457016 and parameters: {'colsample_bytree': 0.23213686311914888, 'n_estimators': 901, 'learning_rate': 0.08994372468371671, 'reg_lambda': 2.328237523372965, 'reg_alpha': 1.9396056189099957, 'max_depth': 6, 'gamma': 0.14221028788259532, 'threshold': 0.5143694587472423}. Best is trial 23 with value: 0.8967220133202771.
[34m[1mwandb[0m: [33mWARNING[0m Tried to log to step 27 that is less than the current step 28. Steps must be monotonically increasing, so this data will be ignored. See https://wandb.me/define-metric to log data out of order.
[34m[1mwandb[0m: [33mWARNING[0m Tried to log to step 28 that is less than the current step 29. Steps must be monotonically increasing, so this data will be ignored. See https://wandb.me/define-metric to log data out of order.
[34m[1mwandb[0m: [33mWARNING[0m Tried to log to step 29 that is less than the current step 30. Steps must be monotonically increasing, so this data will be ignored. See https://wandb.me/define-metric to log data out of order.
[34m[1mwandb[0m: [33mWARNING[0m Tried to log to step 30 that is less than the current step 31. Steps must be monotonically increasing, so this data will be ignored. See https://wandb.me/define-metric to log data out of order.
[34m[1mwandb[0m: [33mWARNING[0m Tried to log to step 31 that is less than the current step 32. Steps must be monotonically increasing, so this data will be ignored. See https://wandb.me/define-metric to log data out of order.
[34m[1mwandb[0m: [33mWARNING[0m Tried to log to step 32 that is less than the current step 33. Steps must be monotonically increasing, so this data will be ignored. See https://wandb.me/define-metric to log data out of order.
[34m[1mwandb[0m: [33mWARNING[0m Tried to log to step 33 that is less than the current step 34. Steps must be monotonically increasing, so this data will be ignored. See https://wandb.me/define-metric to log data out of order.
[I 2025-11-27 14:02:40,794] Trial 34 finished with value: 0.8943022823734165 and parameters: {'colsample_bytree': 0.1965648301836666, 'n_estimators': 883, 'learning_rate': 0.09395924595491625, 'reg_lambda': 3.323679906459983, 'reg_alpha': 2.038015657533424, 'max_depth': 5, 'gamma': 0.15840854663963227, 'threshold': 0.3229846556236557}. Best is trial 23 with value: 0.8967220133202771.
[I 2025-11-27 14:02:43,696] Trial 35 finished with value: 0.8947074344519474 and parameters: {'colsample_bytree': 0.4388459932846006, 'n_estimators': 809, 'learning_rate': 0.03727478522938472, 'reg_lambda': 2.45672384997736, 'reg_alpha': 1.2965034659039172, 'max_depth': 7, 'gamma': 0.04281373872255262, 'threshold': 0.415672668573781}. Best is trial 23 with value: 0.8967220133202771.
[I 2025-11-27 14:02:45,037] Trial 36 finished with value: 0.8944927863317138 and parameters: {'colsample_bytree': 0.33720233887538686, 'n_estimators': 919, 'learning_rate': 0.08699207019572733, 'reg_lambda': 1.9169446626036257, 'reg_alpha': 2.2891675306977715, 'max_depth': 6, 'gamma': 0.2745076046904813, 'threshold': 0.35751399405442724}. Best is trial 23 with value: 0.8967220133202771.
[I 2025-11-27 14:02:46,397] Trial 37 finished with value: 0.8739184498157304 and parameters: {'colsample_bytree': 0.24134157658014926, 'n_estimators': 839, 'learning_rate': 0.07427469702220994, 'reg_lambda': 2.6154416103914886, 'reg_alpha': 1.781265123472534, 'max_depth': 3, 'gamma': 0.11953215184030198, 'threshold': 0.17007661847568614}. Best is trial 23 with value: 0.8967220133202771.
[I 2025-11-27 14:02:48,052] Trial 38 finished with value: 0.8939668155550424 and parameters: {'colsample_bytree': 0.16174179671306066, 'n_estimators': 709, 'learning_rate': 0.06656236886586156, 'reg_lambda': 3.202098218596785, 'reg_alpha': 2.855368505944715, 'max_depth': 5, 'gamma': 0.09106421898950542, 'threshold': 0.4744720161867485}. Best is trial 23 with value: 0.8967220133202771.
[I 2025-11-27 14:02:49,190] Trial 39 finished with value: 0.8868364668714153 and parameters: {'colsample_bytree': 0.4164421435553002, 'n_estimators': 944, 'learning_rate': 0.09516733309600235, 'reg_lambda': 2.2197054035042694, 'reg_alpha': 1.5307722197648994, 'max_depth': 2, 'gamma': 0.24371728881633148, 'threshold': 0.24898307689509433}. Best is trial 23 with value: 0.8967220133202771.
[34m[1mwandb[0m: [33mWARNING[0m Tried to log to step 34 that is less than the current step 35. Steps must be monotonically increasing, so this data will be ignored. See https://wandb.me/define-metric to log data out of order.
[34m[1mwandb[0m: [33mWARNING[0m Tried to log to step 35 that is less than the current step 36. Steps must be monotonically increasing, so this data will be ignored. See https://wandb.me/define-metric to log data out of order.
[34m[1mwandb[0m: [33mWARNING[0m Tried to log to step 36 that is less than the current step 37. Steps must be monotonically increasing, so this data will be ignored. See https://wandb.me/define-metric to log data out of order.
[34m[1mwandb[0m: [33mWARNING[0m Tried to log to step 37 that is less than the current step 38. Steps must be monotonically increasing, so this data will be ignored. See https://wandb.me/define-metric to log data out of order.
[34m[1mwandb[0m: [33mWARNING[0m Tried to log to step 38 that is less than the current step 39. Steps must be monotonically increasing, so this data will be ignored. See https://wandb.me/define-metric to log data out of order.
[34m[1mwandb[0m: [33mWARNING[0m Tried to log to step 39 that is less than the current step 40. Steps must be monotonically increasing, so this data will be ignored. See https://wandb.me/define-metric to log data out of order.
[I 2025-11-27 14:02:50,674] Trial 40 finished with value: 0.8935699484564946 and parameters: {'colsample_bytree': 0.728161307243013, 'n_estimators': 874, 'learning_rate': 0.05731636916269492, 'reg_lambda': 3.547007471279212, 'reg_alpha': 1.9154951321961968, 'max_depth': 3, 'gamma': 0.15017593345951713, 'threshold': 0.31958591000846237}. Best is trial 23 with value: 0.8967220133202771.
[I 2025-11-27 14:02:51,898] Trial 41 finished with value: 0.8955236259937864 and parameters: {'colsample_bytree': 0.00159259679310377, 'n_estimators': 759, 'learning_rate': 0.09769219348725527, 'reg_lambda': 2.98074654772232, 'reg_alpha': 0.9965503032784053, 'max_depth': 4, 'gamma': 0.21542162817007374, 'threshold': 0.40287679639146223}. Best is trial 23 with value: 0.8967220133202771.
[I 2025-11-27 14:02:53,138] Trial 42 finished with value: 0.8934047291801868 and parameters: {'colsample_bytree': 0.06091323810880954, 'n_estimators': 676, 'learning_rate': 0.08763023617827481, 'reg_lambda': 2.978173308041344, 'reg_alpha': 0.4708769479726378, 'max_depth': 5, 'gamma': 0.17124051982545566, 'threshold': 0.3590458754190454}. Best is trial 23 with value: 0.8967220133202771.
[I 2025-11-27 14:02:54,446] Trial 43 finished with value: 0.895298084364903 and parameters: {'colsample_bytree': 0.13886013916714754, 'n_estimators': 728, 'learning_rate': 0.0965218364395649, 'reg_lambda': 2.6235068219460844, 'reg_alpha': 0.9806519398103255, 'max_depth': 4, 'gamma': 0.20139515747856468, 'threshold': 0.4213851547359132}. Best is trial 23 with value: 0.8967220133202771.
[I 2025-11-27 14:02:55,836] Trial 44 finished with value: 0.8926245154474362 and parameters: {'colsample_bytree': 0.06046486625622412, 'n_estimators': 995, 'learning_rate': 0.08031405608772865, 'reg_lambda': 3.0457215427637374, 'reg_alpha': 0.6253279778652224, 'max_depth': 3, 'gamma': 0.44547708729208635, 'threshold': 0.4970640223134382}. Best is trial 23 with value: 0.8967220133202771.
[I 2025-11-27 14:02:57,251] Trial 45 finished with value: 0.888253487317383 and parameters: {'colsample_bytree': 0.34427880458496507, 'n_estimators': 772, 'learning_rate': 0.09981450329220323, 'reg_lambda': 3.711765354423971, 'reg_alpha': 3.4540718054734674, 'max_depth': 8, 'gamma': 0.13044316922846427, 'threshold': 0.5634775055743166}. Best is trial 23 with value: 0.8967220133202771.
[I 2025-11-27 14:02:58,322] Trial 46 finished with value: 0.8953988485309463 and parameters: {'colsample_bytree': 0.5497148329604667, 'n_estimators': 794, 'learning_rate': 0.08835505421411001, 'reg_lambda': 1.3887067884281634, 'reg_alpha': 1.3466966188841347, 'max_depth': 5, 'gamma': 0.286388650621474, 'threshold': 0.3809317373030639}. Best is trial 23 with value: 0.8967220133202771.
[I 2025-11-27 14:02:59,487] Trial 47 finished with value: 0.8929717298557601 and parameters: {'colsample_bytree': 0.26307081005845473, 'n_estimators': 805, 'learning_rate': 0.09575013468501241, 'reg_lambda': 0.783220256373975, 'reg_alpha': 0.24597562571712228, 'max_depth': 4, 'gamma': 0.24237275489486723, 'threshold': 0.3099686941721674}. Best is trial 23 with value: 0.8967220133202771.
[34m[1mwandb[0m: [33mWARNING[0m Tried to log to step 40 that is less than the current step 41. Steps must be monotonically increasing, so this data will be ignored. See https://wandb.me/define-metric to log data out of order.
[34m[1mwandb[0m: [33mWARNING[0m Tried to log to step 41 that is less than the current step 42. Steps must be monotonically increasing, so this data will be ignored. See https://wandb.me/define-metric to log data out of order.
[34m[1mwandb[0m: [33mWARNING[0m Tried to log to step 42 that is less than the current step 43. Steps must be monotonically increasing, so this data will be ignored. See https://wandb.me/define-metric to log data out of order.
[34m[1mwandb[0m: [33mWARNING[0m Tried to log to step 43 that is less than the current step 44. Steps must be monotonically increasing, so this data will be ignored. See https://wandb.me/define-metric to log data out of order.
[34m[1mwandb[0m: [33mWARNING[0m Tried to log to step 44 that is less than the current step 45. Steps must be monotonically increasing, so this data will be ignored. See https://wandb.me/define-metric to log data out of order.
[34m[1mwandb[0m: [33mWARNING[0m Tried to log to step 45 that is less than the current step 46. Steps must be monotonically increasing, so this data will be ignored. See https://wandb.me/define-metric to log data out of order.
[34m[1mwandb[0m: [33mWARNING[0m Tried to log to step 46 that is less than the current step 47. Steps must be monotonically increasing, so this data will be ignored. See https://wandb.me/define-metric to log data out of order.
[34m[1mwandb[0m: [33mWARNING[0m Tried to log to step 47 that is less than the current step 48. Steps must be monotonically increasing, so this data will be ignored. See https://wandb.me/define-metric to log data out of order.
[I 2025-11-27 14:03:01,068] Trial 48 finished with value: 0.8953905019369905 and parameters: {'colsample_bytree': 0.11766520661334262, 'n_estimators': 866, 'learning_rate': 0.08342984311391052, 'reg_lambda': 3.321972745550145, 'reg_alpha': 1.0889787176949497, 'max_depth': 6, 'gamma': 0.4995865068371398, 'threshold': 0.4405865632283996}. Best is trial 23 with value: 0.8967220133202771.
[I 2025-11-27 14:03:02,302] Trial 49 finished with value: 0.892472413482048 and parameters: {'colsample_bytree': 0.17309247287550197, 'n_estimators': 726, 'learning_rate': 0.09264449180176128, 'reg_lambda': 2.2438780146482746, 'reg_alpha': 0.6714274796070709, 'max_depth': 3, 'gamma': 0.02150213855620526, 'threshold': 0.5032159096761946}. Best is trial 23 with value: 0.8967220133202771.
